Active-HDL 10.3.3558.6081  2018-08-06 16:00:14

Elaboration top modules:
Verilog Module                Parallel2DSI_tb


----------------------------------------------------------------------------------------------------------
Verilog Module                    | Library     | Info | Compiler Version          | Compilation Options
----------------------------------------------------------------------------------------------------------
Parallel2DSI_tb                   | work        |      | 10.3.3558.6081  (Windows) | -O2 -sv2k12
GSR                               | ovi_machxo2 |      | 10.3.3558.6081  (Windows) | -vendor lattice -v2k
PUR                               | ovi_machxo2 |      | 10.3.3558.6081  (Windows) | -vendor lattice -v2k
top                               | work        |      | 10.3.3558.6081  (Windows) | -O2 -sv2k12
colorbar_gen                      | work        |      | 10.3.3558.6081  (Windows) | -O2 -sv2k12
pwr_sq_ctrl                       | work        |      | 10.3.3558.6081  (Windows) | -O2 -sv2k12
BYTE_PACKETIZER                   | work        |      | 10.3.3558.6081  (Windows) | -O2 -sv2k12
LP_HS_DELAY_CNTRL                 | work        |      | 10.3.3558.6081  (Windows) | -O2 -sv2k12
DPHY_TX_INST                      | work        |      | 10.3.3558.6081  (Windows) | -O2 -sv2k12
DCS_ROM                           | work        |      | 10.3.3558.6081  (Windows) | -O2 -sv2k12
DCS_Encoder                       | work        |      | 10.3.3558.6081  (Windows) | -O2 -sv2k12
pll_pix2byte_RGB888_1lane         | work        |      | 10.3.3558.6081  (Windows) | -O2 -sv2k12
VLO                               | ovi_machxo2 |      | 10.3.3558.6081  (Windows) | -vendor lattice -v2k
EHXPLLJ                           | ovi_machxo2 |      | 10.3.3558.6081  (Windows) | -vendor lattice -v2k
OSCH                              | ovi_machxo2 |      | 10.3.3558.6081  (Windows) | -vendor lattice -v2k
parallel2byte                     | work        |      | 10.3.3558.6081  (Windows) | -O2 -sv2k12
packetheader                      | work        |      | 10.3.3558.6081  (Windows) | -O2 -sv2k12
crc16_1lane                       | work        |      | 10.3.3558.6081  (Windows) | -O2 -sv2k12
slice_0a                          | work        |      | 10.3.3558.6081  (Windows) | -O2 -sv2k12
SLICE1a                           | work        |      | 10.3.3558.6081  (Windows) | -O2 -sv2k12
SLICE2a                           | work        |      | 10.3.3558.6081  (Windows) | -O2 -sv2k12
SLICE3a                           | work        |      | 10.3.3558.6081  (Windows) | -O2 -sv2k12
SLICE4a                           | work        |      | 10.3.3558.6081  (Windows) | -O2 -sv2k12
SLICE5a                           | work        |      | 10.3.3558.6081  (Windows) | -O2 -sv2k12
SLICE6a                           | work        |      | 10.3.3558.6081  (Windows) | -O2 -sv2k12
SLICE7a                           | work        |      | 10.3.3558.6081  (Windows) | -O2 -sv2k12
SLICE8a                           | work        |      | 10.3.3558.6081  (Windows) | -O2 -sv2k12
ready                             | work        |      | 10.3.3558.6081  (Windows) | -O2 -sv2k12
ready_MGIOL                       | work        |      | 10.3.3558.6081  (Windows) | -O2 -sv2k12
reset                             | work        |      | 10.3.3558.6081  (Windows) | -O2 -sv2k12
crc_15_                           | work        |      | 10.3.3558.6081  (Windows) | -O2 -sv2k12
crc_14_                           | work        |      | 10.3.3558.6081  (Windows) | -O2 -sv2k12
crc_13_                           | work        |      | 10.3.3558.6081  (Windows) | -O2 -sv2k12
crc_12_                           | work        |      | 10.3.3558.6081  (Windows) | -O2 -sv2k12
crc_11_                           | work        |      | 10.3.3558.6081  (Windows) | -O2 -sv2k12
crc_10_                           | work        |      | 10.3.3558.6081  (Windows) | -O2 -sv2k12
crc_9_                            | work        |      | 10.3.3558.6081  (Windows) | -O2 -sv2k12
crc_8_                            | work        |      | 10.3.3558.6081  (Windows) | -O2 -sv2k12
crc_7_                            | work        |      | 10.3.3558.6081  (Windows) | -O2 -sv2k12
crc_6_                            | work        |      | 10.3.3558.6081  (Windows) | -O2 -sv2k12
crc_5_                            | work        |      | 10.3.3558.6081  (Windows) | -O2 -sv2k12
crc_4_                            | work        |      | 10.3.3558.6081  (Windows) | -O2 -sv2k12
crc_3_                            | work        |      | 10.3.3558.6081  (Windows) | -O2 -sv2k12
crc_2_                            | work        |      | 10.3.3558.6081  (Windows) | -O2 -sv2k12
crc_1_                            | work        |      | 10.3.3558.6081  (Windows) | -O2 -sv2k12
crc_0_                            | work        |      | 10.3.3558.6081  (Windows) | -O2 -sv2k12
data_7_                           | work        |      | 10.3.3558.6081  (Windows) | -O2 -sv2k12
data_6_                           | work        |      | 10.3.3558.6081  (Windows) | -O2 -sv2k12
data_5_                           | work        |      | 10.3.3558.6081  (Windows) | -O2 -sv2k12
data_4_                           | work        |      | 10.3.3558.6081  (Windows) | -O2 -sv2k12
data_3_                           | work        |      | 10.3.3558.6081  (Windows) | -O2 -sv2k12
data_2_                           | work        |      | 10.3.3558.6081  (Windows) | -O2 -sv2k12
data_1_                           | work        |      | 10.3.3558.6081  (Windows) | -O2 -sv2k12
data_0_                           | work        |      | 10.3.3558.6081  (Windows) | -O2 -sv2k12
enable                            | work        |      | 10.3.3558.6081  (Windows) | -O2 -sv2k12
clk                               | work        |      | 10.3.3558.6081  (Windows) | -O2 -sv2k12
GSR_INSTa                         | work        |      | 10.3.3558.6081  (Windows) | -O2 -sv2k12
VHI                               | ovi_machxo2 |      | 10.3.3558.6081  (Windows) | -vendor lattice -v2k
lut4a                             | work        |      | 10.3.3558.6081  (Windows) | -O2 -sv2k12
gnda                              | work        |      | 10.3.3558.6081  (Windows) | -O2 -sv2k12
vmuxregsrea                       | work        |      | 10.3.3558.6081  (Windows) | -O2 -sv2k12
vcca                              | work        |      | 10.3.3558.6081  (Windows) | -O2 -sv2k12
ROM16X1A                          | ovi_machxo2 |      | 10.3.3558.6081  (Windows) | -vendor lattice -v2k
FL1P3BX                           | ovi_machxo2 |      | 10.3.3558.6081  (Windows) | -vendor lattice -v2k
lut40001a                         | work        |      | 10.3.3558.6081  (Windows) | -O2 -sv2k12
lut40002a                         | work        |      | 10.3.3558.6081  (Windows) | -O2 -sv2k12
lut40003a                         | work        |      | 10.3.3558.6081  (Windows) | -O2 -sv2k12
xo2iobufa                         | work        |      | 10.3.3558.6081  (Windows) | -O2 -sv2k12
OBZPD                             | ovi_machxo2 |      | 10.3.3558.6081  (Windows) | -vendor lattice -v2k
mfflsrea                          | work        |      | 10.3.3558.6081  (Windows) | -O2 -sv2k12
FD1P3DX                           | ovi_machxo2 |      | 10.3.3558.6081  (Windows) | -vendor lattice -v2k
xo2iobuf0004                      | work        |      | 10.3.3558.6081  (Windows) | -O2 -sv2k12
IBPD                              | ovi_machxo2 |      | 10.3.3558.6081  (Windows) | -vendor lattice -v2k
GSR5MODEa                         | work        |      | 10.3.3558.6081  (Windows) | -O2 -sv2k12
INV                               | ovi_machxo2 |      | 10.3.3558.6081  (Windows) | -vendor lattice -v2k
SLICE_1                           | work        |      | 10.3.3558.6081  (Windows) | -O2 -sv2k12
SLICE_2                           | work        |      | 10.3.3558.6081  (Windows) | -O2 -sv2k12
SLICE_3                           | work        |      | 10.3.3558.6081  (Windows) | -O2 -sv2k12
SLICE_4                           | work        |      | 10.3.3558.6081  (Windows) | -O2 -sv2k12
SLICE_5                           | work        |      | 10.3.3558.6081  (Windows) | -O2 -sv2k12
SLICE_6                           | work        |      | 10.3.3558.6081  (Windows) | -O2 -sv2k12
SLICE_7                           | work        |      | 10.3.3558.6081  (Windows) | -O2 -sv2k12
SLICE_8                           | work        |      | 10.3.3558.6081  (Windows) | -O2 -sv2k12
SLICE_9                           | work        |      | 10.3.3558.6081  (Windows) | -O2 -sv2k12
SLICE_10                          | work        |      | 10.3.3558.6081  (Windows) | -O2 -sv2k12
SLICE_11                          | work        |      | 10.3.3558.6081  (Windows) | -O2 -sv2k12
SLICE_12                          | work        |      | 10.3.3558.6081  (Windows) | -O2 -sv2k12
SLICE_13                          | work        |      | 10.3.3558.6081  (Windows) | -O2 -sv2k12
SLICE_14                          | work        |      | 10.3.3558.6081  (Windows) | -O2 -sv2k12
SLICE_15                          | work        |      | 10.3.3558.6081  (Windows) | -O2 -sv2k12
SLICE_16                          | work        |      | 10.3.3558.6081  (Windows) | -O2 -sv2k12
byte_en                           | work        |      | 10.3.3558.6081  (Windows) | -O2 -sv2k12
byte_en_MGIOL                     | work        |      | 10.3.3558.6081  (Windows) | -O2 -sv2k12
reset_n                           | work        |      | 10.3.3558.6081  (Windows) | -O2 -sv2k12
data_type_5_                      | work        |      | 10.3.3558.6081  (Windows) | -O2 -sv2k12
data_type_4_                      | work        |      | 10.3.3558.6081  (Windows) | -O2 -sv2k12
data_type_3_                      | work        |      | 10.3.3558.6081  (Windows) | -O2 -sv2k12
data_type_2_                      | work        |      | 10.3.3558.6081  (Windows) | -O2 -sv2k12
data_type_1_                      | work        |      | 10.3.3558.6081  (Windows) | -O2 -sv2k12
data_type_0_                      | work        |      | 10.3.3558.6081  (Windows) | -O2 -sv2k12
HSYNC_end                         | work        |      | 10.3.3558.6081  (Windows) | -O2 -sv2k12
HSYNC_start                       | work        |      | 10.3.3558.6081  (Windows) | -O2 -sv2k12
VSYNC_end                         | work        |      | 10.3.3558.6081  (Windows) | -O2 -sv2k12
VSYNC_start                       | work        |      | 10.3.3558.6081  (Windows) | -O2 -sv2k12
HSYNC                             | work        |      | 10.3.3558.6081  (Windows) | -O2 -sv2k12
HSYNC_MGIOL                       | work        |      | 10.3.3558.6081  (Windows) | -O2 -sv2k12
VSYNC                             | work        |      | 10.3.3558.6081  (Windows) | -O2 -sv2k12
VSYNC_MGIOL                       | work        |      | 10.3.3558.6081  (Windows) | -O2 -sv2k12
byte_data_31_                     | work        |      | 10.3.3558.6081  (Windows) | -O2 -sv2k12
byte_data_30_                     | work        |      | 10.3.3558.6081  (Windows) | -O2 -sv2k12
byte_data_29_                     | work        |      | 10.3.3558.6081  (Windows) | -O2 -sv2k12
byte_data_28_                     | work        |      | 10.3.3558.6081  (Windows) | -O2 -sv2k12
byte_data_27_                     | work        |      | 10.3.3558.6081  (Windows) | -O2 -sv2k12
byte_data_26_                     | work        |      | 10.3.3558.6081  (Windows) | -O2 -sv2k12
byte_data_25_                     | work        |      | 10.3.3558.6081  (Windows) | -O2 -sv2k12
byte_data_24_                     | work        |      | 10.3.3558.6081  (Windows) | -O2 -sv2k12
byte_data_23_                     | work        |      | 10.3.3558.6081  (Windows) | -O2 -sv2k12
byte_data_22_                     | work        |      | 10.3.3558.6081  (Windows) | -O2 -sv2k12
byte_data_21_                     | work        |      | 10.3.3558.6081  (Windows) | -O2 -sv2k12
byte_data_20_                     | work        |      | 10.3.3558.6081  (Windows) | -O2 -sv2k12
byte_data_19_                     | work        |      | 10.3.3558.6081  (Windows) | -O2 -sv2k12
byte_data_18_                     | work        |      | 10.3.3558.6081  (Windows) | -O2 -sv2k12
byte_data_17_                     | work        |      | 10.3.3558.6081  (Windows) | -O2 -sv2k12
byte_data_16_                     | work        |      | 10.3.3558.6081  (Windows) | -O2 -sv2k12
byte_data_15_                     | work        |      | 10.3.3558.6081  (Windows) | -O2 -sv2k12
byte_data_14_                     | work        |      | 10.3.3558.6081  (Windows) | -O2 -sv2k12
byte_data_13_                     | work        |      | 10.3.3558.6081  (Windows) | -O2 -sv2k12
byte_data_12_                     | work        |      | 10.3.3558.6081  (Windows) | -O2 -sv2k12
byte_data_11_                     | work        |      | 10.3.3558.6081  (Windows) | -O2 -sv2k12
byte_data_10_                     | work        |      | 10.3.3558.6081  (Windows) | -O2 -sv2k12
byte_data_9_                      | work        |      | 10.3.3558.6081  (Windows) | -O2 -sv2k12
byte_data_8_                      | work        |      | 10.3.3558.6081  (Windows) | -O2 -sv2k12
byte_data_7_                      | work        |      | 10.3.3558.6081  (Windows) | -O2 -sv2k12
byte_data_7__MGIOL                | work        |      | 10.3.3558.6081  (Windows) | -O2 -sv2k12
byte_data_6_                      | work        |      | 10.3.3558.6081  (Windows) | -O2 -sv2k12
byte_data_6__MGIOL                | work        |      | 10.3.3558.6081  (Windows) | -O2 -sv2k12
byte_data_5_                      | work        |      | 10.3.3558.6081  (Windows) | -O2 -sv2k12
byte_data_5__MGIOL                | work        |      | 10.3.3558.6081  (Windows) | -O2 -sv2k12
byte_data_4_                      | work        |      | 10.3.3558.6081  (Windows) | -O2 -sv2k12
byte_data_4__MGIOL                | work        |      | 10.3.3558.6081  (Windows) | -O2 -sv2k12
byte_data_3_                      | work        |      | 10.3.3558.6081  (Windows) | -O2 -sv2k12
byte_data_3__MGIOL                | work        |      | 10.3.3558.6081  (Windows) | -O2 -sv2k12
byte_data_2_                      | work        |      | 10.3.3558.6081  (Windows) | -O2 -sv2k12
byte_data_2__MGIOL                | work        |      | 10.3.3558.6081  (Windows) | -O2 -sv2k12
byte_data_1_                      | work        |      | 10.3.3558.6081  (Windows) | -O2 -sv2k12
byte_data_1__MGIOL                | work        |      | 10.3.3558.6081  (Windows) | -O2 -sv2k12
byte_data_0_                      | work        |      | 10.3.3558.6081  (Windows) | -O2 -sv2k12
byte_data_0__MGIOL                | work        |      | 10.3.3558.6081  (Windows) | -O2 -sv2k12
byte_clk                          | work        |      | 10.3.3558.6081  (Windows) | -O2 -sv2k12
PIXDATA_23_                       | work        |      | 10.3.3558.6081  (Windows) | -O2 -sv2k12
PIXDATA_22_                       | work        |      | 10.3.3558.6081  (Windows) | -O2 -sv2k12
PIXDATA_21_                       | work        |      | 10.3.3558.6081  (Windows) | -O2 -sv2k12
PIXDATA_20_                       | work        |      | 10.3.3558.6081  (Windows) | -O2 -sv2k12
PIXDATA_19_                       | work        |      | 10.3.3558.6081  (Windows) | -O2 -sv2k12
PIXDATA_18_                       | work        |      | 10.3.3558.6081  (Windows) | -O2 -sv2k12
PIXDATA_17_                       | work        |      | 10.3.3558.6081  (Windows) | -O2 -sv2k12
PIXDATA_16_                       | work        |      | 10.3.3558.6081  (Windows) | -O2 -sv2k12
PIXDATA_15_                       | work        |      | 10.3.3558.6081  (Windows) | -O2 -sv2k12
PIXDATA_14_                       | work        |      | 10.3.3558.6081  (Windows) | -O2 -sv2k12
PIXDATA_13_                       | work        |      | 10.3.3558.6081  (Windows) | -O2 -sv2k12
PIXDATA_12_                       | work        |      | 10.3.3558.6081  (Windows) | -O2 -sv2k12
PIXDATA_11_                       | work        |      | 10.3.3558.6081  (Windows) | -O2 -sv2k12
PIXDATA_10_                       | work        |      | 10.3.3558.6081  (Windows) | -O2 -sv2k12
PIXDATA_9_                        | work        |      | 10.3.3558.6081  (Windows) | -O2 -sv2k12
PIXDATA_8_                        | work        |      | 10.3.3558.6081  (Windows) | -O2 -sv2k12
PIXDATA_7_                        | work        |      | 10.3.3558.6081  (Windows) | -O2 -sv2k12
PIXDATA_6_                        | work        |      | 10.3.3558.6081  (Windows) | -O2 -sv2k12
PIXDATA_5_                        | work        |      | 10.3.3558.6081  (Windows) | -O2 -sv2k12
PIXDATA_4_                        | work        |      | 10.3.3558.6081  (Windows) | -O2 -sv2k12
PIXDATA_3_                        | work        |      | 10.3.3558.6081  (Windows) | -O2 -sv2k12
PIXDATA_2_                        | work        |      | 10.3.3558.6081  (Windows) | -O2 -sv2k12
PIXDATA_1_                        | work        |      | 10.3.3558.6081  (Windows) | -O2 -sv2k12
PIXDATA_0_                        | work        |      | 10.3.3558.6081  (Windows) | -O2 -sv2k12
DE                                | work        |      | 10.3.3558.6081  (Windows) | -O2 -sv2k12
PIXCLK                            | work        |      | 10.3.3558.6081  (Windows) | -O2 -sv2k12
u_fifo_7_0_pixel2byte_fifo_0_0    | work        |      | 10.3.3558.6081  (Windows) | -O2 -sv2k12
u_fifo_15_8_pixel2byte_fifo_0_0   | work        |      | 10.3.3558.6081  (Windows) | -O2 -sv2k12
u_fifo_23_16_pixel2byte_fifo_0_0  | work        |      | 10.3.3558.6081  (Windows) | -O2 -sv2k12
GSR_INST                          | work        |      | 10.3.3558.6081  (Windows) | -O2 -sv2k12
lut4                              | work        |      | 10.3.3558.6081  (Windows) | -O2 -sv2k12
gnd                               | work        |      | 10.3.3558.6081  (Windows) | -O2 -sv2k12
vmuxregsre                        | work        |      | 10.3.3558.6081  (Windows) | -O2 -sv2k12
vcc                               | work        |      | 10.3.3558.6081  (Windows) | -O2 -sv2k12
FL1P3DX                           | ovi_machxo2 |      | 10.3.3558.6081  (Windows) | -vendor lattice -v2k
lut40001                          | work        |      | 10.3.3558.6081  (Windows) | -O2 -sv2k12
lut40002                          | work        |      | 10.3.3558.6081  (Windows) | -O2 -sv2k12
lut40003                          | work        |      | 10.3.3558.6081  (Windows) | -O2 -sv2k12
lut40004                          | work        |      | 10.3.3558.6081  (Windows) | -O2 -sv2k12
lut40005                          | work        |      | 10.3.3558.6081  (Windows) | -O2 -sv2k12
lut40006                          | work        |      | 10.3.3558.6081  (Windows) | -O2 -sv2k12
lut40007                          | work        |      | 10.3.3558.6081  (Windows) | -O2 -sv2k12
lut40008                          | work        |      | 10.3.3558.6081  (Windows) | -O2 -sv2k12
lut40009                          | work        |      | 10.3.3558.6081  (Windows) | -O2 -sv2k12
lut40010                          | work        |      | 10.3.3558.6081  (Windows) | -O2 -sv2k12
lut40011                          | work        |      | 10.3.3558.6081  (Windows) | -O2 -sv2k12
lut40012                          | work        |      | 10.3.3558.6081  (Windows) | -O2 -sv2k12
xo2iobuf                          | work        |      | 10.3.3558.6081  (Windows) | -O2 -sv2k12
mfflsre                           | work        |      | 10.3.3558.6081  (Windows) | -O2 -sv2k12
xo2iobuf0013                      | work        |      | 10.3.3558.6081  (Windows) | -O2 -sv2k12
IBPU                              | ovi_machxo2 |      | 10.3.3558.6081  (Windows) | -vendor lattice -v2k
xo2iobuf0014                      | work        |      | 10.3.3558.6081  (Windows) | -O2 -sv2k12
smuxlregsre                       | work        |      | 10.3.3558.6081  (Windows) | -O2 -sv2k12
IFS1P3DX                          | ovi_machxo2 |      | 10.3.3558.6081  (Windows) | -vendor lattice -v2k
FIFO8KB_B                         | work        |      | 10.3.3558.6081  (Windows) | -O2 -sv2k12
inverter                          | work        |      | 10.3.3558.6081  (Windows) | -O2 -sv2k12
FIFO8KB                           | ovi_machxo2 |      | 10.3.3558.6081  (Windows) | -vendor lattice -v2k
FIFO8KB0015                       | work        |      | 10.3.3558.6081  (Windows) | -O2 -sv2k12
FIFO8KB0016                       | work        |      | 10.3.3558.6081  (Windows) | -O2 -sv2k12
GSR5MODE                          | work        |      | 10.3.3558.6081  (Windows) | -O2 -sv2k12
BUFBA                             | ovi_machxo2 |      | 10.3.3558.6081  (Windows) | -vendor lattice -v2k
SLICEb_0                          | work        |      | 10.3.3558.6081  (Windows) | -O2 -sv2k12
u_PH_DLY_FIFO_SLICEb_1            | work        |      | 10.3.3558.6081  (Windows) | -O2 -sv2k12
u_PH_DLY_FIFO_SLICEb_2            | work        |      | 10.3.3558.6081  (Windows) | -O2 -sv2k12
u_PH_DLY_FIFO_SLICEb_3            | work        |      | 10.3.3558.6081  (Windows) | -O2 -sv2k12
u_PH_DLY_FIFO_SLICEb_4            | work        |      | 10.3.3558.6081  (Windows) | -O2 -sv2k12
u_PH_DLY_FIFO_SLICEb_5            | work        |      | 10.3.3558.6081  (Windows) | -O2 -sv2k12
u_PH_DLY_FIFO_SLICEb_6            | work        |      | 10.3.3558.6081  (Windows) | -O2 -sv2k12
SLICEb_7                          | work        |      | 10.3.3558.6081  (Windows) | -O2 -sv2k12
u_PH_DLY_FIFO_SLICEb_8            | work        |      | 10.3.3558.6081  (Windows) | -O2 -sv2k12
u_PH_DLY_FIFO_SLICEb_9            | work        |      | 10.3.3558.6081  (Windows) | -O2 -sv2k12
u_PH_DLY_FIFO_SLICEb_10           | work        |      | 10.3.3558.6081  (Windows) | -O2 -sv2k12
u_PH_DLY_FIFO_SLICEb_11           | work        |      | 10.3.3558.6081  (Windows) | -O2 -sv2k12
u_PH_DLY_FIFO_SLICEb_12           | work        |      | 10.3.3558.6081  (Windows) | -O2 -sv2k12
u_PH_DLY_FIFO_SLICEb_13           | work        |      | 10.3.3558.6081  (Windows) | -O2 -sv2k12
u_PH_DLY_FIFO_SLICEb_14           | work        |      | 10.3.3558.6081  (Windows) | -O2 -sv2k12
SLICEb_15                         | work        |      | 10.3.3558.6081  (Windows) | -O2 -sv2k12
SLICEb_16                         | work        |      | 10.3.3558.6081  (Windows) | -O2 -sv2k12
SLICEb_17                         | work        |      | 10.3.3558.6081  (Windows) | -O2 -sv2k12
SLICEb_18                         | work        |      | 10.3.3558.6081  (Windows) | -O2 -sv2k12
SLICEb_19                         | work        |      | 10.3.3558.6081  (Windows) | -O2 -sv2k12
SLICEb_20                         | work        |      | 10.3.3558.6081  (Windows) | -O2 -sv2k12
SLICEb_21                         | work        |      | 10.3.3558.6081  (Windows) | -O2 -sv2k12
SLICEb_22                         | work        |      | 10.3.3558.6081  (Windows) | -O2 -sv2k12
SLICEb_23                         | work        |      | 10.3.3558.6081  (Windows) | -O2 -sv2k12
SLICEb_24                         | work        |      | 10.3.3558.6081  (Windows) | -O2 -sv2k12
SLICEb_25                         | work        |      | 10.3.3558.6081  (Windows) | -O2 -sv2k12
SLICEb_26                         | work        |      | 10.3.3558.6081  (Windows) | -O2 -sv2k12
SLICEb_27                         | work        |      | 10.3.3558.6081  (Windows) | -O2 -sv2k12
SLICEb_28                         | work        |      | 10.3.3558.6081  (Windows) | -O2 -sv2k12
SLICEb_29                         | work        |      | 10.3.3558.6081  (Windows) | -O2 -sv2k12
SLICEb_30                         | work        |      | 10.3.3558.6081  (Windows) | -O2 -sv2k12
SLICEb_31                         | work        |      | 10.3.3558.6081  (Windows) | -O2 -sv2k12
q_byte_datab_CR31_ram_SLICEb_32   | work        |      | 10.3.3558.6081  (Windows) | -O2 -sv2k12
q_byte_datab_CR31_ram_SLICEb_33   | work        |      | 10.3.3558.6081  (Windows) | -O2 -sv2k12
q_byte_datab_CR31_ram_SLICEb_34   | work        |      | 10.3.3558.6081  (Windows) | -O2 -sv2k12
u_PH_DLY_FIFO_fifo_pfu_0_6_1      | work        |      | 10.3.3558.6081  (Windows) | -O2 -sv2k12
u_PH_DLY_FIFO_fifo_pfu_0_6_0      | work        |      | 10.3.3558.6081  (Windows) | -O2 -sv2k12
u_PH_DLY_FIFO_fifo_pfu_0_6        | work        |      | 10.3.3558.6081  (Windows) | -O2 -sv2k12
u_PH_DLY_FIFO_fifo_pfu_0_7_3      | work        |      | 10.3.3558.6081  (Windows) | -O2 -sv2k12
u_PH_DLY_FIFO_fifo_pfu_0_7        | work        |      | 10.3.3558.6081  (Windows) | -O2 -sv2k12
u_PH_DLY_FIFO_fifo_pfu_0_7_2      | work        |      | 10.3.3558.6081  (Windows) | -O2 -sv2k12
q_byte_datab_CR31_ram_0_SLICEb_41 | work        |      | 10.3.3558.6081  (Windows) | -O2 -sv2k12
q_byte_datab_CR31_ram_0_SLICEb_42 | work        |      | 10.3.3558.6081  (Windows) | -O2 -sv2k12
q_byte_datab_CR31_ram_0_SLICEb_43 | work        |      | 10.3.3558.6081  (Windows) | -O2 -sv2k12
SLICEb_44                         | work        |      | 10.3.3558.6081  (Windows) | -O2 -sv2k12
SLICEb_45                         | work        |      | 10.3.3558.6081  (Windows) | -O2 -sv2k12
SLICEb_46                         | work        |      | 10.3.3558.6081  (Windows) | -O2 -sv2k12
SLICEb_48                         | work        |      | 10.3.3558.6081  (Windows) | -O2 -sv2k12
SLICEb_50                         | work        |      | 10.3.3558.6081  (Windows) | -O2 -sv2k12
SLICEb_51                         | work        |      | 10.3.3558.6081  (Windows) | -O2 -sv2k12
SLICEb_52                         | work        |      | 10.3.3558.6081  (Windows) | -O2 -sv2k12
SLICEb_53                         | work        |      | 10.3.3558.6081  (Windows) | -O2 -sv2k12
SLICEb_54                         | work        |      | 10.3.3558.6081  (Windows) | -O2 -sv2k12
SLICEb_55                         | work        |      | 10.3.3558.6081  (Windows) | -O2 -sv2k12
SLICEb_56                         | work        |      | 10.3.3558.6081  (Windows) | -O2 -sv2k12
SLICEb_57                         | work        |      | 10.3.3558.6081  (Windows) | -O2 -sv2k12
SLICEb_58                         | work        |      | 10.3.3558.6081  (Windows) | -O2 -sv2k12
SLICEb_59                         | work        |      | 10.3.3558.6081  (Windows) | -O2 -sv2k12
SLICEb_60                         | work        |      | 10.3.3558.6081  (Windows) | -O2 -sv2k12
SLICEb_61                         | work        |      | 10.3.3558.6081  (Windows) | -O2 -sv2k12
SLICEb_65                         | work        |      | 10.3.3558.6081  (Windows) | -O2 -sv2k12
SLICEb_66                         | work        |      | 10.3.3558.6081  (Windows) | -O2 -sv2k12
u_PH_DLY_FIFO_SLICEb_67           | work        |      | 10.3.3558.6081  (Windows) | -O2 -sv2k12
u_PH_DLY_FIFO_SLICEb_68           | work        |      | 10.3.3558.6081  (Windows) | -O2 -sv2k12
u_PH_DLY_FIFO_SLICEb_75           | work        |      | 10.3.3558.6081  (Windows) | -O2 -sv2k12
u_PH_DLY_FIFO_SLICEb_76           | work        |      | 10.3.3558.6081  (Windows) | -O2 -sv2k12
SLICEb_81                         | work        |      | 10.3.3558.6081  (Windows) | -O2 -sv2k12
SLICEb_82                         | work        |      | 10.3.3558.6081  (Windows) | -O2 -sv2k12
SLICEb_83                         | work        |      | 10.3.3558.6081  (Windows) | -O2 -sv2k12
SLICEb_84                         | work        |      | 10.3.3558.6081  (Windows) | -O2 -sv2k12
SLICEb_85                         | work        |      | 10.3.3558.6081  (Windows) | -O2 -sv2k12
SLICEb_86                         | work        |      | 10.3.3558.6081  (Windows) | -O2 -sv2k12
SLICEb_87                         | work        |      | 10.3.3558.6081  (Windows) | -O2 -sv2k12
SLICEb_88                         | work        |      | 10.3.3558.6081  (Windows) | -O2 -sv2k12
SLICEb_89                         | work        |      | 10.3.3558.6081  (Windows) | -O2 -sv2k12
SLICEb_90                         | work        |      | 10.3.3558.6081  (Windows) | -O2 -sv2k12
SLICEb_91                         | work        |      | 10.3.3558.6081  (Windows) | -O2 -sv2k12
SLICEb_92                         | work        |      | 10.3.3558.6081  (Windows) | -O2 -sv2k12
SLICEb_93                         | work        |      | 10.3.3558.6081  (Windows) | -O2 -sv2k12
SLICEb_94                         | work        |      | 10.3.3558.6081  (Windows) | -O2 -sv2k12
SLICEb_95                         | work        |      | 10.3.3558.6081  (Windows) | -O2 -sv2k12
SLICEb_96                         | work        |      | 10.3.3558.6081  (Windows) | -O2 -sv2k12
SLICEb_97                         | work        |      | 10.3.3558.6081  (Windows) | -O2 -sv2k12
SLICEb_98                         | work        |      | 10.3.3558.6081  (Windows) | -O2 -sv2k12
SLICEb_99                         | work        |      | 10.3.3558.6081  (Windows) | -O2 -sv2k12
SLICEb_100                        | work        |      | 10.3.3558.6081  (Windows) | -O2 -sv2k12
SLICEb_101                        | work        |      | 10.3.3558.6081  (Windows) | -O2 -sv2k12
u_PH_DLY_FIFO_SLICEb_102          | work        |      | 10.3.3558.6081  (Windows) | -O2 -sv2k12
u_PH_DLY_FIFO_SLICEb_103          | work        |      | 10.3.3558.6081  (Windows) | -O2 -sv2k12
u_PH_DLY_FIFO_SLICEb_104          | work        |      | 10.3.3558.6081  (Windows) | -O2 -sv2k12
u_PH_DLY_FIFO_SLICEb_105          | work        |      | 10.3.3558.6081  (Windows) | -O2 -sv2k12
SLICEb_106                        | work        |      | 10.3.3558.6081  (Windows) | -O2 -sv2k12
SLICEb_107                        | work        |      | 10.3.3558.6081  (Windows) | -O2 -sv2k12
SLICEb_108                        | work        |      | 10.3.3558.6081  (Windows) | -O2 -sv2k12
SLICEb_109                        | work        |      | 10.3.3558.6081  (Windows) | -O2 -sv2k12
SLICEb_110                        | work        |      | 10.3.3558.6081  (Windows) | -O2 -sv2k12
SLICEb_111                        | work        |      | 10.3.3558.6081  (Windows) | -O2 -sv2k12
SLICEb_112                        | work        |      | 10.3.3558.6081  (Windows) | -O2 -sv2k12
SLICEb_113                        | work        |      | 10.3.3558.6081  (Windows) | -O2 -sv2k12
SLICEb_114                        | work        |      | 10.3.3558.6081  (Windows) | -O2 -sv2k12
SLICEb_115                        | work        |      | 10.3.3558.6081  (Windows) | -O2 -sv2k12
SLICEb_116                        | work        |      | 10.3.3558.6081  (Windows) | -O2 -sv2k12
SLICEb_117                        | work        |      | 10.3.3558.6081  (Windows) | -O2 -sv2k12
SLICEb_118                        | work        |      | 10.3.3558.6081  (Windows) | -O2 -sv2k12
SLICEb_119                        | work        |      | 10.3.3558.6081  (Windows) | -O2 -sv2k12
SLICEb_120                        | work        |      | 10.3.3558.6081  (Windows) | -O2 -sv2k12
SLICEb_121                        | work        |      | 10.3.3558.6081  (Windows) | -O2 -sv2k12
SLICEb_122                        | work        |      | 10.3.3558.6081  (Windows) | -O2 -sv2k12
SLICEb_123                        | work        |      | 10.3.3558.6081  (Windows) | -O2 -sv2k12
SLICEb_124                        | work        |      | 10.3.3558.6081  (Windows) | -O2 -sv2k12
SLICEb_125                        | work        |      | 10.3.3558.6081  (Windows) | -O2 -sv2k12
SLICEb_126                        | work        |      | 10.3.3558.6081  (Windows) | -O2 -sv2k12
SLICEb_127                        | work        |      | 10.3.3558.6081  (Windows) | -O2 -sv2k12
bytepkt_en                        | work        |      | 10.3.3558.6081  (Windows) | -O2 -sv2k12
reset_nb                          | work        |      | 10.3.3558.6081  (Windows) | -O2 -sv2k12
EoTp                              | work        |      | 10.3.3558.6081  (Windows) | -O2 -sv2k12
bytepkt_31_                       | work        |      | 10.3.3558.6081  (Windows) | -O2 -sv2k12
bytepkt_30_                       | work        |      | 10.3.3558.6081  (Windows) | -O2 -sv2k12
bytepkt_29_                       | work        |      | 10.3.3558.6081  (Windows) | -O2 -sv2k12
bytepkt_28_                       | work        |      | 10.3.3558.6081  (Windows) | -O2 -sv2k12
bytepkt_27_                       | work        |      | 10.3.3558.6081  (Windows) | -O2 -sv2k12
bytepkt_26_                       | work        |      | 10.3.3558.6081  (Windows) | -O2 -sv2k12
bytepkt_25_                       | work        |      | 10.3.3558.6081  (Windows) | -O2 -sv2k12
bytepkt_24_                       | work        |      | 10.3.3558.6081  (Windows) | -O2 -sv2k12
bytepkt_23_                       | work        |      | 10.3.3558.6081  (Windows) | -O2 -sv2k12
bytepkt_22_                       | work        |      | 10.3.3558.6081  (Windows) | -O2 -sv2k12
bytepkt_21_                       | work        |      | 10.3.3558.6081  (Windows) | -O2 -sv2k12
bytepkt_20_                       | work        |      | 10.3.3558.6081  (Windows) | -O2 -sv2k12
bytepkt_19_                       | work        |      | 10.3.3558.6081  (Windows) | -O2 -sv2k12
bytepkt_18_                       | work        |      | 10.3.3558.6081  (Windows) | -O2 -sv2k12
bytepkt_17_                       | work        |      | 10.3.3558.6081  (Windows) | -O2 -sv2k12
bytepkt_16_                       | work        |      | 10.3.3558.6081  (Windows) | -O2 -sv2k12
bytepkt_15_                       | work        |      | 10.3.3558.6081  (Windows) | -O2 -sv2k12
bytepkt_14_                       | work        |      | 10.3.3558.6081  (Windows) | -O2 -sv2k12
bytepkt_13_                       | work        |      | 10.3.3558.6081  (Windows) | -O2 -sv2k12
bytepkt_12_                       | work        |      | 10.3.3558.6081  (Windows) | -O2 -sv2k12
bytepkt_11_                       | work        |      | 10.3.3558.6081  (Windows) | -O2 -sv2k12
bytepkt_10_                       | work        |      | 10.3.3558.6081  (Windows) | -O2 -sv2k12
bytepkt_9_                        | work        |      | 10.3.3558.6081  (Windows) | -O2 -sv2k12
bytepkt_8_                        | work        |      | 10.3.3558.6081  (Windows) | -O2 -sv2k12
bytepkt_7_                        | work        |      | 10.3.3558.6081  (Windows) | -O2 -sv2k12
bytepkt_7__MGIOL                  | work        |      | 10.3.3558.6081  (Windows) | -O2 -sv2k12
bytepkt_6_                        | work        |      | 10.3.3558.6081  (Windows) | -O2 -sv2k12
bytepkt_6__MGIOL                  | work        |      | 10.3.3558.6081  (Windows) | -O2 -sv2k12
bytepkt_5_                        | work        |      | 10.3.3558.6081  (Windows) | -O2 -sv2k12
bytepkt_5__MGIOL                  | work        |      | 10.3.3558.6081  (Windows) | -O2 -sv2k12
bytepkt_4_                        | work        |      | 10.3.3558.6081  (Windows) | -O2 -sv2k12
bytepkt_4__MGIOL                  | work        |      | 10.3.3558.6081  (Windows) | -O2 -sv2k12
bytepkt_3_                        | work        |      | 10.3.3558.6081  (Windows) | -O2 -sv2k12
bytepkt_3__MGIOL                  | work        |      | 10.3.3558.6081  (Windows) | -O2 -sv2k12
bytepkt_2_                        | work        |      | 10.3.3558.6081  (Windows) | -O2 -sv2k12
bytepkt_2__MGIOL                  | work        |      | 10.3.3558.6081  (Windows) | -O2 -sv2k12
bytepkt_1_                        | work        |      | 10.3.3558.6081  (Windows) | -O2 -sv2k12
bytepkt_1__MGIOL                  | work        |      | 10.3.3558.6081  (Windows) | -O2 -sv2k12
bytepkt_0_                        | work        |      | 10.3.3558.6081  (Windows) | -O2 -sv2k12
bytepkt_0__MGIOL                  | work        |      | 10.3.3558.6081  (Windows) | -O2 -sv2k12
chksum_15_                        | work        |      | 10.3.3558.6081  (Windows) | -O2 -sv2k12
chksum_15__MGIOL                  | work        |      | 10.3.3558.6081  (Windows) | -O2 -sv2k12
chksum_14_                        | work        |      | 10.3.3558.6081  (Windows) | -O2 -sv2k12
chksum_14__MGIOL                  | work        |      | 10.3.3558.6081  (Windows) | -O2 -sv2k12
chksum_13_                        | work        |      | 10.3.3558.6081  (Windows) | -O2 -sv2k12
chksum_13__MGIOL                  | work        |      | 10.3.3558.6081  (Windows) | -O2 -sv2k12
chksum_12_                        | work        |      | 10.3.3558.6081  (Windows) | -O2 -sv2k12
chksum_12__MGIOL                  | work        |      | 10.3.3558.6081  (Windows) | -O2 -sv2k12
chksum_11_                        | work        |      | 10.3.3558.6081  (Windows) | -O2 -sv2k12
chksum_11__MGIOL                  | work        |      | 10.3.3558.6081  (Windows) | -O2 -sv2k12
chksum_10_                        | work        |      | 10.3.3558.6081  (Windows) | -O2 -sv2k12
chksum_10__MGIOL                  | work        |      | 10.3.3558.6081  (Windows) | -O2 -sv2k12
chksum_9_                         | work        |      | 10.3.3558.6081  (Windows) | -O2 -sv2k12
chksum_9__MGIOL                   | work        |      | 10.3.3558.6081  (Windows) | -O2 -sv2k12
chksum_8_                         | work        |      | 10.3.3558.6081  (Windows) | -O2 -sv2k12
chksum_8__MGIOL                   | work        |      | 10.3.3558.6081  (Windows) | -O2 -sv2k12
chksum_7_                         | work        |      | 10.3.3558.6081  (Windows) | -O2 -sv2k12
chksum_7__MGIOL                   | work        |      | 10.3.3558.6081  (Windows) | -O2 -sv2k12
chksum_6_                         | work        |      | 10.3.3558.6081  (Windows) | -O2 -sv2k12
chksum_6__MGIOL                   | work        |      | 10.3.3558.6081  (Windows) | -O2 -sv2k12
chksum_5_                         | work        |      | 10.3.3558.6081  (Windows) | -O2 -sv2k12
chksum_5__MGIOL                   | work        |      | 10.3.3558.6081  (Windows) | -O2 -sv2k12
chksum_4_                         | work        |      | 10.3.3558.6081  (Windows) | -O2 -sv2k12
chksum_4__MGIOL                   | work        |      | 10.3.3558.6081  (Windows) | -O2 -sv2k12
chksum_3_                         | work        |      | 10.3.3558.6081  (Windows) | -O2 -sv2k12
chksum_3__MGIOL                   | work        |      | 10.3.3558.6081  (Windows) | -O2 -sv2k12
chksum_2_                         | work        |      | 10.3.3558.6081  (Windows) | -O2 -sv2k12
chksum_2__MGIOL                   | work        |      | 10.3.3558.6081  (Windows) | -O2 -sv2k12
chksum_1_                         | work        |      | 10.3.3558.6081  (Windows) | -O2 -sv2k12
chksum_1__MGIOL                   | work        |      | 10.3.3558.6081  (Windows) | -O2 -sv2k12
chksum_0_                         | work        |      | 10.3.3558.6081  (Windows) | -O2 -sv2k12
chksum_0__MGIOL                   | work        |      | 10.3.3558.6081  (Windows) | -O2 -sv2k12
chksum_rdy                        | work        |      | 10.3.3558.6081  (Windows) | -O2 -sv2k12
wc_15_                            | work        |      | 10.3.3558.6081  (Windows) | -O2 -sv2k12
wc_15__MGIOL                      | work        |      | 10.3.3558.6081  (Windows) | -O2 -sv2k12
wc_14_                            | work        |      | 10.3.3558.6081  (Windows) | -O2 -sv2k12
wc_14__MGIOL                      | work        |      | 10.3.3558.6081  (Windows) | -O2 -sv2k12
wc_13_                            | work        |      | 10.3.3558.6081  (Windows) | -O2 -sv2k12
wc_13__MGIOL                      | work        |      | 10.3.3558.6081  (Windows) | -O2 -sv2k12
wc_12_                            | work        |      | 10.3.3558.6081  (Windows) | -O2 -sv2k12
wc_12__MGIOL                      | work        |      | 10.3.3558.6081  (Windows) | -O2 -sv2k12
wc_11_                            | work        |      | 10.3.3558.6081  (Windows) | -O2 -sv2k12
wc_11__MGIOL                      | work        |      | 10.3.3558.6081  (Windows) | -O2 -sv2k12
wc_10_                            | work        |      | 10.3.3558.6081  (Windows) | -O2 -sv2k12
wc_10__MGIOL                      | work        |      | 10.3.3558.6081  (Windows) | -O2 -sv2k12
wc_9_                             | work        |      | 10.3.3558.6081  (Windows) | -O2 -sv2k12
wc_9__MGIOL                       | work        |      | 10.3.3558.6081  (Windows) | -O2 -sv2k12
wc_8_                             | work        |      | 10.3.3558.6081  (Windows) | -O2 -sv2k12
wc_8__MGIOL                       | work        |      | 10.3.3558.6081  (Windows) | -O2 -sv2k12
wc_7_                             | work        |      | 10.3.3558.6081  (Windows) | -O2 -sv2k12
wc_7__MGIOL                       | work        |      | 10.3.3558.6081  (Windows) | -O2 -sv2k12
wc_6_                             | work        |      | 10.3.3558.6081  (Windows) | -O2 -sv2k12
wc_6__MGIOL                       | work        |      | 10.3.3558.6081  (Windows) | -O2 -sv2k12
wc_5_                             | work        |      | 10.3.3558.6081  (Windows) | -O2 -sv2k12
wc_5__MGIOL                       | work        |      | 10.3.3558.6081  (Windows) | -O2 -sv2k12
wc_4_                             | work        |      | 10.3.3558.6081  (Windows) | -O2 -sv2k12
wc_4__MGIOL                       | work        |      | 10.3.3558.6081  (Windows) | -O2 -sv2k12
wc_3_                             | work        |      | 10.3.3558.6081  (Windows) | -O2 -sv2k12
wc_3__MGIOL                       | work        |      | 10.3.3558.6081  (Windows) | -O2 -sv2k12
wc_2_                             | work        |      | 10.3.3558.6081  (Windows) | -O2 -sv2k12
wc_2__MGIOL                       | work        |      | 10.3.3558.6081  (Windows) | -O2 -sv2k12
wc_1_                             | work        |      | 10.3.3558.6081  (Windows) | -O2 -sv2k12
wc_1__MGIOL                       | work        |      | 10.3.3558.6081  (Windows) | -O2 -sv2k12
wc_0_                             | work        |      | 10.3.3558.6081  (Windows) | -O2 -sv2k12
wc_0__MGIOL                       | work        |      | 10.3.3558.6081  (Windows) | -O2 -sv2k12
dt_5_                             | work        |      | 10.3.3558.6081  (Windows) | -O2 -sv2k12
dt_5__MGIOL                       | work        |      | 10.3.3558.6081  (Windows) | -O2 -sv2k12
dt_4_                             | work        |      | 10.3.3558.6081  (Windows) | -O2 -sv2k12
dt_4__MGIOL                       | work        |      | 10.3.3558.6081  (Windows) | -O2 -sv2k12
dt_3_                             | work        |      | 10.3.3558.6081  (Windows) | -O2 -sv2k12
dt_3__MGIOL                       | work        |      | 10.3.3558.6081  (Windows) | -O2 -sv2k12
dt_2_                             | work        |      | 10.3.3558.6081  (Windows) | -O2 -sv2k12
dt_2__MGIOL                       | work        |      | 10.3.3558.6081  (Windows) | -O2 -sv2k12
dt_1_                             | work        |      | 10.3.3558.6081  (Windows) | -O2 -sv2k12
dt_1__MGIOL                       | work        |      | 10.3.3558.6081  (Windows) | -O2 -sv2k12
dt_0_                             | work        |      | 10.3.3558.6081  (Windows) | -O2 -sv2k12
dt_0__MGIOL                       | work        |      | 10.3.3558.6081  (Windows) | -O2 -sv2k12
vc_1_                             | work        |      | 10.3.3558.6081  (Windows) | -O2 -sv2k12
vc_1__MGIOL                       | work        |      | 10.3.3558.6081  (Windows) | -O2 -sv2k12
vc_0_                             | work        |      | 10.3.3558.6081  (Windows) | -O2 -sv2k12
vc_0__MGIOL                       | work        |      | 10.3.3558.6081  (Windows) | -O2 -sv2k12
byte_datab_7_                     | work        |      | 10.3.3558.6081  (Windows) | -O2 -sv2k12
byte_datab_6_                     | work        |      | 10.3.3558.6081  (Windows) | -O2 -sv2k12
byte_datab_5_                     | work        |      | 10.3.3558.6081  (Windows) | -O2 -sv2k12
byte_datab_4_                     | work        |      | 10.3.3558.6081  (Windows) | -O2 -sv2k12
byte_datab_3_                     | work        |      | 10.3.3558.6081  (Windows) | -O2 -sv2k12
byte_datab_2_                     | work        |      | 10.3.3558.6081  (Windows) | -O2 -sv2k12
byte_datab_1_                     | work        |      | 10.3.3558.6081  (Windows) | -O2 -sv2k12
byte_datab_0_                     | work        |      | 10.3.3558.6081  (Windows) | -O2 -sv2k12
byte_clkb                         | work        |      | 10.3.3558.6081  (Windows) | -O2 -sv2k12
long_en                           | work        |      | 10.3.3558.6081  (Windows) | -O2 -sv2k12
long_en_MGIOL                     | work        |      | 10.3.3558.6081  (Windows) | -O2 -sv2k12
short_en                          | work        |      | 10.3.3558.6081  (Windows) | -O2 -sv2k12
short_en_MGIOL                    | work        |      | 10.3.3558.6081  (Windows) | -O2 -sv2k12
GSR_INSTb                         | work        |      | 10.3.3558.6081  (Windows) | -O2 -sv2k12
vmuxregsreb                       | work        |      | 10.3.3558.6081  (Windows) | -O2 -sv2k12
vccb                              | work        |      | 10.3.3558.6081  (Windows) | -O2 -sv2k12
gndb                              | work        |      | 10.3.3558.6081  (Windows) | -O2 -sv2k12
ccu2                              | work        |      | 10.3.3558.6081  (Windows) | -O2 -sv2k12
CCU2D                             | ovi_machxo2 |      | 10.3.3558.6081  (Windows) | -vendor lattice -v2k
vmuxregsreb0001                   | work        |      | 10.3.3558.6081  (Windows) | -O2 -sv2k12
alu2_mult                         | work        |      | 10.3.3558.6081  (Windows) | -O2 -sv2k12
CU2                               | ovi_machxo2 |      | 10.3.3558.6081  (Windows) | -vendor lattice -v2k
alu2_mult0002                     | work        |      | 10.3.3558.6081  (Windows) | -O2 -sv2k12
FADD2B                            | ovi_machxo2 |      | 10.3.3558.6081  (Windows) | -vendor lattice -v2k
alu2_mult0003                     | work        |      | 10.3.3558.6081  (Windows) | -O2 -sv2k12
AGEB2                             | ovi_machxo2 |      | 10.3.3558.6081  (Windows) | -vendor lattice -v2k
vmuxregsreb0004                   | work        |      | 10.3.3558.6081  (Windows) | -O2 -sv2k12
ccu20005                          | work        |      | 10.3.3558.6081  (Windows) | -O2 -sv2k12
ccu20006                          | work        |      | 10.3.3558.6081  (Windows) | -O2 -sv2k12
ccu20007                          | work        |      | 10.3.3558.6081  (Windows) | -O2 -sv2k12
ccu20008                          | work        |      | 10.3.3558.6081  (Windows) | -O2 -sv2k12
ccu20009                          | work        |      | 10.3.3558.6081  (Windows) | -O2 -sv2k12
buffer                            | work        |      | 10.3.3558.6081  (Windows) | -O2 -sv2k12
ec2dpram                          | work        |      | 10.3.3558.6081  (Windows) | -O2 -sv2k12
DPR16X4C                          | ovi_machxo2 |      | 10.3.3558.6081  (Windows) | -vendor lattice -v2k
ec2dpram0010                      | work        |      | 10.3.3558.6081  (Windows) | -O2 -sv2k12
lut4b                             | work        |      | 10.3.3558.6081  (Windows) | -O2 -sv2k12
lut4b0011                         | work        |      | 10.3.3558.6081  (Windows) | -O2 -sv2k12
lut4b0012                         | work        |      | 10.3.3558.6081  (Windows) | -O2 -sv2k12
lut4b0013                         | work        |      | 10.3.3558.6081  (Windows) | -O2 -sv2k12
lut4b0014                         | work        |      | 10.3.3558.6081  (Windows) | -O2 -sv2k12
lut4b0015                         | work        |      | 10.3.3558.6081  (Windows) | -O2 -sv2k12
lut4b0016                         | work        |      | 10.3.3558.6081  (Windows) | -O2 -sv2k12
lut4b0017                         | work        |      | 10.3.3558.6081  (Windows) | -O2 -sv2k12
lut4b0018                         | work        |      | 10.3.3558.6081  (Windows) | -O2 -sv2k12
lut4b0019                         | work        |      | 10.3.3558.6081  (Windows) | -O2 -sv2k12
lut4b0020                         | work        |      | 10.3.3558.6081  (Windows) | -O2 -sv2k12
lut4b0021                         | work        |      | 10.3.3558.6081  (Windows) | -O2 -sv2k12
lut4b0022                         | work        |      | 10.3.3558.6081  (Windows) | -O2 -sv2k12
lut4b0023                         | work        |      | 10.3.3558.6081  (Windows) | -O2 -sv2k12
lut4b0024                         | work        |      | 10.3.3558.6081  (Windows) | -O2 -sv2k12
lut4b0025                         | work        |      | 10.3.3558.6081  (Windows) | -O2 -sv2k12
lut4b0026                         | work        |      | 10.3.3558.6081  (Windows) | -O2 -sv2k12
lut4b0027                         | work        |      | 10.3.3558.6081  (Windows) | -O2 -sv2k12
lut4b0028                         | work        |      | 10.3.3558.6081  (Windows) | -O2 -sv2k12
lut4b0029                         | work        |      | 10.3.3558.6081  (Windows) | -O2 -sv2k12
lut4b0030                         | work        |      | 10.3.3558.6081  (Windows) | -O2 -sv2k12
lut4b0031                         | work        |      | 10.3.3558.6081  (Windows) | -O2 -sv2k12
lut4b0032                         | work        |      | 10.3.3558.6081  (Windows) | -O2 -sv2k12
lut4b0033                         | work        |      | 10.3.3558.6081  (Windows) | -O2 -sv2k12
lut4b0034                         | work        |      | 10.3.3558.6081  (Windows) | -O2 -sv2k12
lut4b0035                         | work        |      | 10.3.3558.6081  (Windows) | -O2 -sv2k12
lut4b0036                         | work        |      | 10.3.3558.6081  (Windows) | -O2 -sv2k12
lut4b0037                         | work        |      | 10.3.3558.6081  (Windows) | -O2 -sv2k12
lut4b0038                         | work        |      | 10.3.3558.6081  (Windows) | -O2 -sv2k12
lut4b0039                         | work        |      | 10.3.3558.6081  (Windows) | -O2 -sv2k12
lut4b0040                         | work        |      | 10.3.3558.6081  (Windows) | -O2 -sv2k12
lut4b0041                         | work        |      | 10.3.3558.6081  (Windows) | -O2 -sv2k12
lut4b0042                         | work        |      | 10.3.3558.6081  (Windows) | -O2 -sv2k12
lut4b0043                         | work        |      | 10.3.3558.6081  (Windows) | -O2 -sv2k12
lut4b0044                         | work        |      | 10.3.3558.6081  (Windows) | -O2 -sv2k12
lut4b0045                         | work        |      | 10.3.3558.6081  (Windows) | -O2 -sv2k12
lut4b0046                         | work        |      | 10.3.3558.6081  (Windows) | -O2 -sv2k12
lut4b0047                         | work        |      | 10.3.3558.6081  (Windows) | -O2 -sv2k12
lut4b0048                         | work        |      | 10.3.3558.6081  (Windows) | -O2 -sv2k12
lut4b0049                         | work        |      | 10.3.3558.6081  (Windows) | -O2 -sv2k12
lut4b0050                         | work        |      | 10.3.3558.6081  (Windows) | -O2 -sv2k12
lut4b0051                         | work        |      | 10.3.3558.6081  (Windows) | -O2 -sv2k12
lut4b0052                         | work        |      | 10.3.3558.6081  (Windows) | -O2 -sv2k12
lut4b0053                         | work        |      | 10.3.3558.6081  (Windows) | -O2 -sv2k12
lut4b0054                         | work        |      | 10.3.3558.6081  (Windows) | -O2 -sv2k12
lut4b0055                         | work        |      | 10.3.3558.6081  (Windows) | -O2 -sv2k12
lut4b0056                         | work        |      | 10.3.3558.6081  (Windows) | -O2 -sv2k12
lut4b0057                         | work        |      | 10.3.3558.6081  (Windows) | -O2 -sv2k12
xo2iobufb                         | work        |      | 10.3.3558.6081  (Windows) | -O2 -sv2k12
xo2iobufb0058                     | work        |      | 10.3.3558.6081  (Windows) | -O2 -sv2k12
xo2iobufb0059                     | work        |      | 10.3.3558.6081  (Windows) | -O2 -sv2k12
mfflsreb                          | work        |      | 10.3.3558.6081  (Windows) | -O2 -sv2k12
smuxlregsreb                      | work        |      | 10.3.3558.6081  (Windows) | -O2 -sv2k12
IFS1P3BX                          | ovi_machxo2 |      | 10.3.3558.6081  (Windows) | -vendor lattice -v2k
smuxlregsreb0060                  | work        |      | 10.3.3558.6081  (Windows) | -O2 -sv2k12
GSR5MODEb                         | work        |      | 10.3.3558.6081  (Windows) | -O2 -sv2k12
oDDRx4                            | work        |      | 10.3.3558.6081  (Windows) | -O2 -sv2k12
IO_Controller_TX                  | work        |      | 10.3.3558.6081  (Windows) | -O2 -sv2k12
FD1P3BX                           | ovi_machxo2 |      | 10.3.3558.6081  (Windows) | -vendor lattice -v2k
ODDRX4B                           | ovi_machxo2 |      | 10.3.3558.6081  (Windows) | -vendor lattice -v2k
ECLKSYNCA                         | ovi_machxo2 |      | 10.3.3558.6081  (Windows) | -vendor lattice -v2k
CLKDIVC                           | ovi_machxo2 |      | 10.3.3558.6081  (Windows) | -vendor lattice -v2k
----------------------------------------------------------------------------------------------------------

----------------------------------------------------------------------------------------------------------
UDP                               | Library     | Info | Compiler Version          | Compilation Options
----------------------------------------------------------------------------------------------------------
UDFDL7E_UDP_X                     | ovi_machxo2 |      | 10.3.3558.6081  (Windows) | -vendor lattice -v2k
UDFDL5E_UDP_X                     | ovi_machxo2 |      | 10.3.3558.6081  (Windows) | -vendor lattice -v2k
lut_mux4                          | ovi_machxo2 |      | 10.3.3558.6081  (Windows) | -vendor lattice -v2k
----------------------------------------------------------------------------------------------------------

----------------------------------------------------------------------------------------------------------
Library                           | Comment
----------------------------------------------------------------------------------------------------------
ovi_machxo2                       | LATTICE Diamond 3.10, MACHXO2 VERILOG LIBRARY
work                              | None
----------------------------------------------------------------------------------------------------------
