Resource Usage Report
Part: lcmxo2_2000ze-1

Register bits: 200 of 2112 (9%)
PIC Latch:       0
I/O cells:       15

Details:
CCU2D:          72
CLKDIVC:        1
DPR16X4C:       8
ECLKSYNCA:      2
EHXPLLJ:        1
FD1P3BX:        22
FD1P3DX:        66
FD1S3AX:        6
FD1S3BX:        3
FD1S3DX:        92
FD1S3IX:        8
GSR:            1
IB:             3
INV:            8
OB:             9
OBZ:            3
ODDRX4B:        2
OFS1P3DX:       3
ORCALUT4:       235
PFUMX:          14
PUR:            1
ROM128X1A:      8
ROM16X1A:       9
ROM32X1A:       8
VHI:            10
VLO:            10
