
map -a "MachXO3LF" -p LCMXO3LF-9400C -t CABGA484 -s 6 -oc Commercial   "platform1_platform1.ngd" -o "platform1_platform1_map.ncd" -pr "platform1_platform1.prf" -mp "platform1_platform1.mrp" -lpf "C:/Users/Suhail/Desktop/Work/Lattice/Im8_tutor/platform1/platform1_platform1.lpf" -lpf "C:/Users/Suhail/Desktop/Work/Lattice/Im8_tutor/platform1.lpf" -c 0            
map:  version Diamond (64-bit) 3.10.0.111.2

Copyright (c) 1991-1994 by NeoCAD Inc. All rights reserved.
Copyright (c) 1995 AT&T Corp.   All rights reserved.
Copyright (c) 1995-2001 Lucent Technologies Inc.  All rights reserved.
Copyright (c) 2001 Agere Systems   All rights reserved.
Copyright (c) 2002-2017 Lattice Semiconductor Corporation,  All rights reserved.
   Process the file: platform1_platform1.ngd
   Picdevice="LCMXO3LF-9400C"

   Pictype="CABGA484"

   Picspeed=6

   Remove unused logic

   Do not produce over sized NCDs.

Part used: LCMXO3LF-9400CCABGA484, Performance used: 6.

Loading device for application map from file 'xo3c9400.nph' in environment: C:/lscc/diamond/3.10_x64/ispfpga.
Package Status:                     Final          Version 1.6.

Running general design DRC...

Removing unused logic...

Optimizing...




Design Summary:
   Number of registers:    255 out of 10552 (2%)
      PFU registers:          255 out of  9400 (3%)
      PIO registers:            0 out of  1152 (0%)
   Number of SLICEs:       373 out of  4700 (8%)
      SLICEs as Logic/ROM:    337 out of  4700 (7%)
      SLICEs as RAM:           36 out of  3525 (1%)
      SLICEs as Carry:         44 out of  4700 (1%)
   Number of LUT4s:        738 out of  9400 (8%)
      Number used as logic LUTs:        578
      Number used as distributed RAM:    72
      Number used as ripple logic:       88
      Number used as shift registers:     0
   Number of PIO sites used: 7 + 4(JTAG) out of 384 (3%)
   Number of block RAMs:  6 out of 48 (13%)
   Number of GSRs:  1 out of 1 (100%)
   EFB used :       No
   JTAG used :      No
   Readback used :  No
   Oscillator used :  Yes
   Startup used :   No
   POR :            On
   Bandgap :        On
   Number of Power Controller:  0 out of 1 (0%)
   Number of Dynamic Bank Controller (BCINRD):  0 out of 6 (0%)
   Number of Dynamic Bank Controller (BCLVDSO):  0 out of 1 (0%)
   Number of DCCA:  0 out of 8 (0%)
   Number of DCMA:  0 out of 2 (0%)
   Number of PLLs:  0 out of 2 (0%)
   Number of DQSDLLs:  0 out of 2 (0%)
   Number of CLKDIVC:  0 out of 4 (0%)
   Number of ECLKSYNCA:  0 out of 4 (0%)
   Number of ECLKBRIDGECS:  0 out of 2 (0%)
   Notes:-
      1. Total number of LUT4s = (Number of logic LUT4s) + 2*(Number of distributed RAMs) + 2*(Number of ripple logic)
      2. Number of logic LUT4s does not include count of distributed RAM and ripple logic.
   Number of clocks:  1
     Net clk_in: 198 loads, 198 rising, 0 falling (Driver: OSCH_inst )
   Number of Clock Enables:  29
     Net platform1_u/clk_in_enable_16: 1 loads, 1 LSLICEs
     Net counter_2: 1 loads, 1 LSLICEs
     Net platform1_u/LM8interrupts_0__N_34: 1 loads, 1 LSLICEs
     Net platform1_u/clk_in_enable_82: 7 loads, 7 LSLICEs
     Net platform1_u/clk_in_enable_79: 3 loads, 3 LSLICEs
     Net platform1_u/PIO_OUT_3__N_933: 2 loads, 2 LSLICEs
     Net platform1_u/clk_in_enable_15: 4 loads, 4 LSLICEs
     Net platform1_u/clk_in_enable_43: 5 loads, 5 LSLICEs
     Net platform1_u/LM8interrupts_0__I_0/u_txmitt/clk_in_enable_74: 4 loads, 4 LSLICEs
     Net platform1_u/LM8interrupts_0__I_0/u_txmitt/clk_in_enable_108: 2 loads, 2 LSLICEs
     Net platform1_u/LM8interrupts_0__I_0/u_txmitt/clk_in_enable_33: 1 loads, 1 LSLICEs
     Net platform1_u/LM8interrupts_0__I_0/u_txmitt/clk_in_enable_97: 9 loads, 9 LSLICEs
     Net platform1_u/LM8interrupts_0__I_0/u_txmitt/clk_in_enable_29: 1 loads, 1 LSLICEs
     Net platform1_u/LM8interrupts_0__I_0/u_rxcver/clk_in_enable_25: 1 loads, 1 LSLICEs
     Net platform1_u/LM8interrupts_0__I_0/u_rxcver/clk_in_enable_99: 2 loads, 2 LSLICEs
     Net platform1_u/LM8interrupts_0__I_0/u_rxcver/hunt_one_N_1251: 1 loads, 1 LSLICEs
     Net platform1_u/LM8interrupts_0__I_0/u_rxcver/clk_in_enable_107: 4 loads, 4 LSLICEs
     Net platform1_u/LM8interrupts_0__I_0/u_rxcver/clk_in_enable_75: 1 loads, 1 LSLICEs
     Net platform1_u/clk_in_enable_36: 4 loads, 4 LSLICEs
     Net platform1_u/clk_in_enable_51: 2 loads, 2 LSLICEs
     Net platform1_u/clk_in_enable_57: 4 loads, 4 LSLICEs
     Net platform1_u/clk_in_enable_64: 4 loads, 4 LSLICEs
     Net platform1_u/clk_in_enable_72: 4 loads, 4 LSLICEs
     Net platform1_u/LM8/prom_enable: 10 loads, 2 LSLICEs
     Net platform1_u/LM8/page_ptr1_7__N_639: 8 loads, 8 LSLICEs
     Net platform1_u/LM8/im_nxt_7__N_915: 5 loads, 5 LSLICEs
     Net platform1_u/LM8/u1_isp8_core/data_cyc: 6 loads, 6 LSLICEs
     Net platform1_u/LM8/u1_isp8_core/clk_in_enable_26: 1 loads, 1 LSLICEs
     Net platform1_u/LM8/u1_isp8_core/addr_cyc: 7 loads, 7 LSLICEs
   Number of LSRs:  12
     Net reset_n_c: 2 loads, 2 LSLICEs
     Net platform1_u/n6459: 1 loads, 1 LSLICEs
     Net platform1_u/core_rst_n: 67 loads, 67 LSLICEs
     Net platform1_u/uartUART_ACK_O: 1 loads, 1 LSLICEs
     Net platform1_u/n2661: 3 loads, 3 LSLICEs
     Net platform1_u/LM8interrupts_0__I_0/u_txmitt/n3166: 2 loads, 2 LSLICEs
     Net platform1_u/LM8interrupts_0__I_0/u_rxcver/n1415: 6 loads, 6 LSLICEs
     Net platform1_u/LM8interrupts_0__I_0/u_rxcver/hunt: 1 loads, 1 LSLICEs
     Net platform1_u/LM8interrupts_0__I_0/rbr_rd: 1 loads, 1 LSLICEs
     Net platform1_u/LM8interrupts_0__I_0/u_rxcver/n2425: 1 loads, 1 LSLICEs
     Net platform1_u/GPIO_WE_I_N_949: 1 loads, 1 LSLICEs
     Net platform1_u/LM8/n3815: 1 loads, 1 LSLICEs
   Number of nets driven by tri-state buffers:  0
   Top 10 highest fanout non-clock nets:
     Net platform1_u/LM8/prom_ready: 73 loads
     Net platform1_u/core_rst_n: 72 loads
     Net platform1_u/LM8/prom_init.memspeedasyncdisablenoreg18112048/addr10_ff: 42 loads
     Net platform1_u/LM8interrupts_0__I_0/u_txmitt/counter_0: 35 loads
     Net platform1_u/LM8interrupts_0__I_0/u_txmitt/n2065: 35 loads
     Net platform1_u/LM8interrupts_0__I_0/u_rxcver/n6487: 34 loads
     Net platform1_u/selected_1: 30 loads
     Net platform1_u/LM8/n6511: 26 loads
     Net platform1_u/LM8/n6512: 26 loads
     Net platform1_u/LM8/instr_11: 25 loads
 

   Number of warnings:  0
   Number of errors:    0



INFO: Design contains EBR with GSR enabled. The GSR is only applicable for output registers except FIFO. 


Total CPU Time: 1 secs  
Total REAL Time: 0 secs  
Peak Memory Usage: 70 MB

Dumping design to file platform1_platform1_map.ncd.

ncd2vdb "platform1_platform1_map.ncd" ".vdbs/platform1_platform1_map.vdb"

Loading device for application ncd2vdb from file 'xo3c9400.nph' in environment: C:/lscc/diamond/3.10_x64/ispfpga.

trce -f "platform1_platform1.mt" -o "platform1_platform1.tw1" "platform1_platform1_map.ncd" "platform1_platform1.prf"
trce:  version Diamond (64-bit) 3.10.0.111.2

Copyright (c) 1991-1994 by NeoCAD Inc. All rights reserved.
Copyright (c) 1995 AT&T Corp.   All rights reserved.
Copyright (c) 1995-2001 Lucent Technologies Inc.  All rights reserved.
Copyright (c) 2001 Agere Systems   All rights reserved.
Copyright (c) 2002-2017 Lattice Semiconductor Corporation,  All rights reserved.

Loading design for application trce from file platform1_platform1_map.ncd.
Design name: platform1_top
NCD version: 3.3
Vendor:      LATTICE
Device:      LCMXO3LF-9400C
Package:     CABGA484
Performance: 6
Loading device for application trce from file 'xo3c9400.nph' in environment: C:/lscc/diamond/3.10_x64/ispfpga.
Package Status:                     Final          Version 1.6.
Performance Hardware Data Status:   Final          Version 37.4.
Setup and Hold Report

--------------------------------------------------------------------------------
Lattice TRACE Report - Setup, Version Diamond (64-bit) 3.10.0.111.2
Mon Jun 11 14:49:44 2018

Copyright (c) 1991-1994 by NeoCAD Inc. All rights reserved.
Copyright (c) 1995 AT&T Corp.   All rights reserved.
Copyright (c) 1995-2001 Lucent Technologies Inc.  All rights reserved.
Copyright (c) 2001 Agere Systems   All rights reserved.
Copyright (c) 2002-2017 Lattice Semiconductor Corporation,  All rights reserved.

Report Information
------------------
Command line:    trce -v 1 -gt -mapchkpnt 0 -sethld -o platform1_platform1.tw1 -gui -msgset C:/Users/Suhail/Desktop/Work/Lattice/Im8_tutor/promote.xml platform1_platform1_map.ncd platform1_platform1.prf 
Design file:     platform1_platform1_map.ncd
Preference file: platform1_platform1.prf
Device,speed:    LCMXO3LF-9400C,6
Report level:    verbose report, limited to 1 item per preference
--------------------------------------------------------------------------------

BLOCK ASYNCPATHS
BLOCK RESETPATHS
--------------------------------------------------------------------------------



Timing summary (Setup):
---------------

Timing errors: 0  Score: 0
Cumulative negative slack: 0

Constraints cover 88795 paths, 1 nets, and 3389 connections (99.91% coverage)

--------------------------------------------------------------------------------
Lattice TRACE Report - Hold, Version Diamond (64-bit) 3.10.0.111.2
Mon Jun 11 14:49:44 2018

Copyright (c) 1991-1994 by NeoCAD Inc. All rights reserved.
Copyright (c) 1995 AT&T Corp.   All rights reserved.
Copyright (c) 1995-2001 Lucent Technologies Inc.  All rights reserved.
Copyright (c) 2001 Agere Systems   All rights reserved.
Copyright (c) 2002-2017 Lattice Semiconductor Corporation,  All rights reserved.

Report Information
------------------
Command line:    trce -v 1 -gt -mapchkpnt 0 -sethld -o platform1_platform1.tw1 -gui -msgset C:/Users/Suhail/Desktop/Work/Lattice/Im8_tutor/promote.xml platform1_platform1_map.ncd platform1_platform1.prf 
Design file:     platform1_platform1_map.ncd
Preference file: platform1_platform1.prf
Device,speed:    LCMXO3LF-9400C,M
Report level:    verbose report, limited to 1 item per preference
--------------------------------------------------------------------------------

BLOCK ASYNCPATHS
BLOCK RESETPATHS
--------------------------------------------------------------------------------



Timing summary (Hold):
---------------

Timing errors: 0  Score: 0
Cumulative negative slack: 0

Constraints cover 88795 paths, 1 nets, and 3389 connections (99.91% coverage)



Timing summary (Setup and Hold):
---------------

Timing errors: 0 (setup), 0 (hold)
Score: 0 (setup), 0 (hold)
Cumulative negative slack: 0 (0+0)
--------------------------------------------------------------------------------

--------------------------------------------------------------------------------

Total time: 0 secs 

mpartrce -p "platform1_platform1.p2t" -f "platform1_platform1.p3t" -tf "platform1_platform1.pt" "platform1_platform1_map.ncd" "platform1_platform1.ncd"

---- MParTrce Tool ----
Removing old design directory at request of -rem command line option to this program.
Running par. Please wait . . .

Lattice Place and Route Report for Design "platform1_platform1_map.ncd"
Mon Jun 11 14:49:45 2018

PAR: Place And Route Diamond (64-bit) 3.10.0.111.2.
Command Line: par -w -l 5 -i 6 -t 1 -c 0 -e 0 -gui -msgset C:/Users/Suhail/Desktop/Work/Lattice/Im8_tutor/promote.xml -exp parUseNBR=1:parCDP=0:parCDR=0:parPathBased=OFF platform1_platform1_map.ncd platform1_platform1.dir/5_1.ncd platform1_platform1.prf
Preference file: platform1_platform1.prf.
Placement level-cost: 5-1.
Routing Iterations: 6

Loading design for application par from file platform1_platform1_map.ncd.
Design name: platform1_top
NCD version: 3.3
Vendor:      LATTICE
Device:      LCMXO3LF-9400C
Package:     CABGA484
Performance: 6
Loading device for application par from file 'xo3c9400.nph' in environment: C:/lscc/diamond/3.10_x64/ispfpga.
Package Status:                     Final          Version 1.6.
Performance Hardware Data Status:   Final          Version 37.4.
License checked out.


Ignore Preference Error(s):  True
Device utilization summary:

   PIO (prelim)    7+4(JTAG)/384     3% used
                   7+4(JTAG)/384     3% bonded

   SLICE            373/4700          7% used

   GSR                1/1           100% used
   OSC                1/1           100% used
   EBR                6/48           12% used


Number of Signals: 1098
Number of Connections: 3392

Pin Constraint Summary:
   7 out of 7 pins locked (100% locked).

The following 1 signal is selected to use the primary clock routing resources:
    clk_in (driver: OSCH_inst, clk load #: 198)


The following 2 signals are selected to use the secondary clock routing resources:
    platform1_u/core_rst_n (driver: platform1_u/LM8/SLICE_267, clk load #: 0, sr load #: 67, ce load #: 0)
    platform1_u/LM8/prom_enable (driver: platform1_u/LM8/u1_isp8_core/u1_lm8_flow_cntl/SLICE_114, clk load #: 0, sr load #: 0, ce load #: 10)

Signal counter_2 is selected as Global Set/Reset.
Starting Placer Phase 0.
...........
Finished Placer Phase 0.  REAL time: 3 secs 

Starting Placer Phase 1.
....................
Placer score = 183151.
Finished Placer Phase 1.  REAL time: 9 secs 

Starting Placer Phase 2.
.
Placer score =  181692
Finished Placer Phase 2.  REAL time: 10 secs 


------------------ Clock Report ------------------

Global Clock Resources:
  CLK_PIN    : 0 out of 8 (0%)
  PLL        : 0 out of 2 (0%)
  DCM        : 0 out of 2 (0%)
  DCC        : 0 out of 8 (0%)

Quadrants All (TL, TR, BL, BR) - Global Clocks:
  PRIMARY "clk_in" from OSC on comp "OSCH_inst" on site "OSC", clk load = 198
  SECONDARY "platform1_u/core_rst_n" from Q0 on comp "platform1_u/LM8/SLICE_267" on site "R9C26B", clk load = 0, ce load = 0, sr load = 67
  SECONDARY "platform1_u/LM8/prom_enable" from F1 on comp "platform1_u/LM8/u1_isp8_core/u1_lm8_flow_cntl/SLICE_114" on site "R23C26C", clk load = 0, ce load = 10, sr load = 0

  PRIMARY  : 1 out of 8 (12%)
  SECONDARY: 2 out of 8 (25%)

Edge Clocks:
  No edge clock selected.

--------------- End of Clock Report ---------------


I/O Usage Summary (final):
   7 + 4(JTAG) out of 384 (2.9%) PIO sites used.
   7 + 4(JTAG) out of 384 (2.9%) bonded PIO sites used.
   Number of PIO comps: 7; differential: 0.
   Number of Vref pins used: 0.

I/O Bank Usage Summary:
+----------+---------------+------------+-----------+
| I/O Bank | Usage         | Bank Vccio | Bank Vref |
+----------+---------------+------------+-----------+
| 0        | 2 / 96 (  2%) | 2.5V       | -         |
| 1        | 0 / 96 (  0%) | -          | -         |
| 2        | 0 / 96 (  0%) | -          | -         |
| 3        | 0 / 36 (  0%) | -          | -         |
| 4        | 0 / 24 (  0%) | -          | -         |
| 5        | 5 / 36 ( 13%) | 2.5V       | -         |
+----------+---------------+------------+-----------+

Total placer CPU time: 9 secs 

Dumping design to file platform1_platform1.dir/5_1.ncd.

0 connections routed; 3392 unrouted.
Starting router resource preassignment

Completed router resource preassignment. Real time: 13 secs 

Start NBR router at 14:49:58 06/11/18

*****************************************************************
Info: NBR allows conflicts(one node used by more than one signal)
      in the earlier iterations. In each iteration, it tries to  
      solve the conflicts while keeping the critical connections 
      routed as short as possible. The routing process is said to
      be completed when no conflicts exist and all connections   
      are routed.                                                
Note: NBR uses a different method to calculate timing slacks. The
      worst slack and total negative slack may not be the same as
      that in TRCE report. You should always run TRCE to verify  
      your design.                                               
*****************************************************************

Start NBR special constraint process at 14:49:58 06/11/18

Start NBR section for initial routing at 14:49:58 06/11/18
Level 4, iteration 1
163(0.03%) conflicts; 0(0.00%) untouched conn; 0 (nbr) score; 
Estimated worst slack/total negative slack<setup>: 19.400ns/0.000ns; real time: 14 secs 

Info: Initial congestion level at 75% usage is 0
Info: Initial congestion area  at 75% usage is 0 (0.00%)

Start NBR section for normal routing at 14:49:59 06/11/18
Level 4, iteration 1
85(0.02%) conflicts; 0(0.00%) untouched conn; 0 (nbr) score; 
Estimated worst slack/total negative slack<setup>: 19.056ns/0.000ns; real time: 14 secs 
Level 4, iteration 2
31(0.01%) conflicts; 0(0.00%) untouched conn; 0 (nbr) score; 
Estimated worst slack/total negative slack<setup>: 19.061ns/0.000ns; real time: 14 secs 
Level 4, iteration 3
9(0.00%) conflicts; 0(0.00%) untouched conn; 0 (nbr) score; 
Estimated worst slack/total negative slack<setup>: 19.061ns/0.000ns; real time: 14 secs 
Level 4, iteration 4
4(0.00%) conflicts; 0(0.00%) untouched conn; 0 (nbr) score; 
Estimated worst slack/total negative slack<setup>: 19.061ns/0.000ns; real time: 14 secs 
Level 4, iteration 5
0(0.00%) conflict; 0(0.00%) untouched conn; 0 (nbr) score; 
Estimated worst slack/total negative slack<setup>: 19.061ns/0.000ns; real time: 14 secs 

Start NBR section for setup/hold timing optimization with effort level 3 at 14:49:59 06/11/18

Start NBR section for re-routing at 14:50:00 06/11/18
Level 4, iteration 1
0(0.00%) conflict; 0(0.00%) untouched conn; 0 (nbr) score; 
Estimated worst slack/total negative slack<setup>: 19.061ns/0.000ns; real time: 15 secs 

Start NBR section for post-routing at 14:50:00 06/11/18

End NBR router with 0 unrouted connection

NBR Summary
-----------
  Number of unrouted connections : 0 (0.00%)
  Number of connections with timing violations : 0 (0.00%)
  Estimated worst slack<setup> : 19.061ns
  Timing score<setup> : 0
-----------
Notes: The timing info is calculated for SETUP only and all PAR_ADJs are ignored.



Total CPU time 16 secs 
Total REAL time: 16 secs 
Completely routed.
End of route.  3392 routed (100.00%); 0 unrouted.

Hold time timing score: 0, hold timing errors: 0

Timing score: 0 

Dumping design to file platform1_platform1.dir/5_1.ncd.


PAR_SUMMARY::Run status = Success
PAR_SUMMARY::Number of unrouted conns = 0
PAR_SUMMARY::Worst  slack<setup/<ns>> = 19.061
PAR_SUMMARY::Timing score<setup/<ns>> = 0.000
PAR_SUMMARY::Worst  slack<hold /<ns>> = 0.145
PAR_SUMMARY::Timing score<hold /<ns>> = 0.000
PAR_SUMMARY::Number of errors = 0

Total CPU  time to completion: 16 secs 
Total REAL time to completion: 16 secs 

par done!

Copyright (c) 1991-1994 by NeoCAD Inc. All rights reserved.
Copyright (c) 1995 AT&T Corp.   All rights reserved.
Copyright (c) 1995-2001 Lucent Technologies Inc.  All rights reserved.
Copyright (c) 2001 Agere Systems   All rights reserved.
Copyright (c) 2002-2017 Lattice Semiconductor Corporation,  All rights reserved.
Exiting par with exit code 0
Exiting mpartrce with exit code 0

trce -f "platform1_platform1.pt" -o "platform1_platform1.twr" "platform1_platform1.ncd" "platform1_platform1.prf"
trce:  version Diamond (64-bit) 3.10.0.111.2

Copyright (c) 1991-1994 by NeoCAD Inc. All rights reserved.
Copyright (c) 1995 AT&T Corp.   All rights reserved.
Copyright (c) 1995-2001 Lucent Technologies Inc.  All rights reserved.
Copyright (c) 2001 Agere Systems   All rights reserved.
Copyright (c) 2002-2017 Lattice Semiconductor Corporation,  All rights reserved.

Loading design for application trce from file platform1_platform1.ncd.
Design name: platform1_top
NCD version: 3.3
Vendor:      LATTICE
Device:      LCMXO3LF-9400C
Package:     CABGA484
Performance: 6
Loading device for application trce from file 'xo3c9400.nph' in environment: C:/lscc/diamond/3.10_x64/ispfpga.
Package Status:                     Final          Version 1.6.
Performance Hardware Data Status:   Final          Version 37.4.
Setup and Hold Report

--------------------------------------------------------------------------------
Lattice TRACE Report - Setup, Version Diamond (64-bit) 3.10.0.111.2
Mon Jun 11 14:50:02 2018

Copyright (c) 1991-1994 by NeoCAD Inc. All rights reserved.
Copyright (c) 1995 AT&T Corp.   All rights reserved.
Copyright (c) 1995-2001 Lucent Technologies Inc.  All rights reserved.
Copyright (c) 2001 Agere Systems   All rights reserved.
Copyright (c) 2002-2017 Lattice Semiconductor Corporation,  All rights reserved.

Report Information
------------------
Command line:    trce -v 10 -gt -sethld -sp 6 -sphld m -o platform1_platform1.twr -gui -msgset C:/Users/Suhail/Desktop/Work/Lattice/Im8_tutor/promote.xml platform1_platform1.ncd platform1_platform1.prf 
Design file:     platform1_platform1.ncd
Preference file: platform1_platform1.prf
Device,speed:    LCMXO3LF-9400C,6
Report level:    verbose report, limited to 10 items per preference
--------------------------------------------------------------------------------

BLOCK ASYNCPATHS
BLOCK RESETPATHS
--------------------------------------------------------------------------------



Timing summary (Setup):
---------------

Timing errors: 0  Score: 0
Cumulative negative slack: 0

Constraints cover 88795 paths, 1 nets, and 3389 connections (99.91% coverage)

--------------------------------------------------------------------------------
Lattice TRACE Report - Hold, Version Diamond (64-bit) 3.10.0.111.2
Mon Jun 11 14:50:02 2018

Copyright (c) 1991-1994 by NeoCAD Inc. All rights reserved.
Copyright (c) 1995 AT&T Corp.   All rights reserved.
Copyright (c) 1995-2001 Lucent Technologies Inc.  All rights reserved.
Copyright (c) 2001 Agere Systems   All rights reserved.
Copyright (c) 2002-2017 Lattice Semiconductor Corporation,  All rights reserved.

Report Information
------------------
Command line:    trce -v 10 -gt -sethld -sp 6 -sphld m -o platform1_platform1.twr -gui -msgset C:/Users/Suhail/Desktop/Work/Lattice/Im8_tutor/promote.xml platform1_platform1.ncd platform1_platform1.prf 
Design file:     platform1_platform1.ncd
Preference file: platform1_platform1.prf
Device,speed:    LCMXO3LF-9400C,m
Report level:    verbose report, limited to 10 items per preference
--------------------------------------------------------------------------------

BLOCK ASYNCPATHS
BLOCK RESETPATHS
--------------------------------------------------------------------------------



Timing summary (Hold):
---------------

Timing errors: 0  Score: 0
Cumulative negative slack: 0

Constraints cover 88795 paths, 1 nets, and 3389 connections (99.91% coverage)



Timing summary (Setup and Hold):
---------------

Timing errors: 0 (setup), 0 (hold)
Score: 0 (setup), 0 (hold)
Cumulative negative slack: 0 (0+0)
--------------------------------------------------------------------------------

--------------------------------------------------------------------------------

Total time: 0 secs 

iotiming  "platform1_platform1.ncd" "platform1_platform1.prf"
I/O Timing Report:
:  version Diamond (64-bit) 3.10.0.111.2

Copyright (c) 1991-1994 by NeoCAD Inc. All rights reserved.
Copyright (c) 1995 AT&T Corp.   All rights reserved.
Copyright (c) 1995-2001 Lucent Technologies Inc.  All rights reserved.
Copyright (c) 2001 Agere Systems   All rights reserved.
Copyright (c) 2002-2017 Lattice Semiconductor Corporation,  All rights reserved.

Loading design for application iotiming from file platform1_platform1.ncd.
Design name: platform1_top
NCD version: 3.3
Vendor:      LATTICE
Device:      LCMXO3LF-9400C
Package:     CABGA484
Performance: 6
Loading device for application iotiming from file 'xo3c9400.nph' in environment: C:/lscc/diamond/3.10_x64/ispfpga.
Package Status:                     Final          Version 1.6.
Performance Hardware Data Status:   Final          Version 37.4.
Running Performance Grade: 6
Computing Setup Time ...
Computing Max Clock to Output Delay ...
Computing Hold Time ...
Computing Min Clock to Output Delay ...

Loading design for application iotiming from file platform1_platform1.ncd.
Design name: platform1_top
NCD version: 3.3
Vendor:      LATTICE
Device:      LCMXO3LF-9400C
Package:     CABGA484
Performance: M
Package Status:                     Final          Version 1.6.
Performance Hardware Data Status:   Final          Version 37.4.
Running Performance Grade: M
Computing Setup Time ...
Computing Max Clock to Output Delay ...
Computing Hold Time ...
Computing Min Clock to Output Delay ...
Done.

ibisgen "platform1_platform1.pad" "C:/lscc/diamond/3.10_x64/cae_library/ibis/machxo3l.ibs" 
IBIS Models Generator: Lattice Diamond (64-bit) 3.10.0.111.2

Mon Jun 11 14:50:04 2018

Comp: LEDPIO_OUT[0]
 Site: F4
 Type: OUT
 IO_TYPE=LVCMOS25 
 DRIVE=8mA 
 PULL=DOWN 
 SLEW=SLOW 
-----------------------
Comp: LEDPIO_OUT[1]
 Site: G4
 Type: OUT
 IO_TYPE=LVCMOS25 
 DRIVE=8mA 
 PULL=DOWN 
 SLEW=SLOW 
-----------------------
Comp: LEDPIO_OUT[2]
 Site: G3
 Type: OUT
 IO_TYPE=LVCMOS25 
 DRIVE=8mA 
 PULL=DOWN 
 SLEW=SLOW 
-----------------------
Comp: LEDPIO_OUT[3]
 Site: D1
 Type: OUT
 IO_TYPE=LVCMOS25 
 DRIVE=8mA 
 PULL=DOWN 
 SLEW=SLOW 
-----------------------
Comp: reset_n
 Site: H5
 Type: IN
 IO_TYPE=LVCMOS25 
 PULL=DOWN 
 CLAMP=ON 
 HYSTERESIS=SMALL 
-----------------------
Comp: uartSIN
 Site: D14
 Type: IN
 IO_TYPE=LVCMOS25 
 PULL=DOWN 
 CLAMP=ON 
 HYSTERESIS=SMALL 
-----------------------
Comp: uartSOUT
 Site: C15
 Type: OUT
 IO_TYPE=LVCMOS25 
 DRIVE=8mA 
 PULL=DOWN 
 SLEW=SLOW 
-----------------------
Created design models.


Generating: C:\Users\Suhail\Desktop\Work\Lattice\Im8_tutor\platform1\IBIS\platform1_platform1.ibs


    <postMsg mid="1191031" type="Info"    dynamic="0" navigation="0"  />

bitgen -f "platform1_platform1.t2b" -w "platform1_platform1.ncd" "platform1_platform1.prf"


BITGEN: Bitstream Generator Diamond (64-bit) 3.10.0.111.2
Copyright (c) 1991-1994 by NeoCAD Inc. All rights reserved.
Copyright (c) 1995 AT&T Corp.   All rights reserved.
Copyright (c) 1995-2001 Lucent Technologies Inc.  All rights reserved.
Copyright (c) 2001 Agere Systems   All rights reserved.
Copyright (c) 2002-2017 Lattice Semiconductor Corporation,  All rights reserved.


Loading design for application Bitgen from file platform1_platform1.ncd.
Design name: platform1_top
NCD version: 3.3
Vendor:      LATTICE
Device:      LCMXO3LF-9400C
Package:     CABGA484
Performance: 6
Loading device for application Bitgen from file 'xo3c9400.nph' in environment: C:/lscc/diamond/3.10_x64/ispfpga.
Package Status:                     Final          Version 1.6.
Performance Hardware Data Status:   Final          Version 37.4.

Running DRC.
DRC detected 0 errors and 0 warnings.
Reading Preference File from platform1_platform1.prf.

Preference Summary:
+---------------------------------+---------------------------------+
|  Preference                     |  Current Setting                |
+---------------------------------+---------------------------------+
|                         RamCfg  |                        Reset**  |
+---------------------------------+---------------------------------+
|                     MCCLK_FREQ  |                         2.08**  |
+---------------------------------+---------------------------------+
|                  CONFIG_SECURE  |                          OFF**  |
+---------------------------------+---------------------------------+
|                          INBUF  |                           ON**  |
+---------------------------------+---------------------------------+
|                      JTAG_PORT  |                       ENABLE**  |
+---------------------------------+---------------------------------+
|                       SDM_PORT  |                      DISABLE**  |
+---------------------------------+---------------------------------+
|                 SLAVE_SPI_PORT  |                      DISABLE**  |
+---------------------------------+---------------------------------+
|                MASTER_SPI_PORT  |                      DISABLE**  |
+---------------------------------+---------------------------------+
|                       I2C_PORT  |                      DISABLE**  |
+---------------------------------+---------------------------------+
|        MUX_CONFIGURATION_PORTS  |                      DISABLE**  |
+---------------------------------+---------------------------------+
|                  CONFIGURATION  |                          CFG**  |
+---------------------------------+---------------------------------+
|                COMPRESS_CONFIG  |                           ON**  |
+---------------------------------+---------------------------------+
|                        MY_ASSP  |                          OFF**  |
+---------------------------------+---------------------------------+
|               ONE_TIME_PROGRAM  |                          OFF**  |
+---------------------------------+---------------------------------+
|                 ENABLE_TRANSFR  |                      DISABLE**  |
+---------------------------------+---------------------------------+
|                  SHAREDEBRINIT  |                      DISABLE**  |
+---------------------------------+---------------------------------+
|            BACKGROUND_RECONFIG  |                          OFF**  |
+---------------------------------+---------------------------------+
|                 DUALBOOTGOLDEN  |                     INTERNAL**  |
+---------------------------------+---------------------------------+
 *  Default setting.
 ** The specified setting matches the default setting.


Creating bit map...
 
Bitstream Status: Final           Version 1.94.
 
Saving bit stream in "platform1_platform1.bit".

bitgen -f "platform1_platform1.t2b" -w "platform1_platform1.ncd" -jedec "platform1_platform1.prf"


BITGEN: Bitstream Generator Diamond (64-bit) 3.10.0.111.2
Copyright (c) 1991-1994 by NeoCAD Inc. All rights reserved.
Copyright (c) 1995 AT&T Corp.   All rights reserved.
Copyright (c) 1995-2001 Lucent Technologies Inc.  All rights reserved.
Copyright (c) 2001 Agere Systems   All rights reserved.
Copyright (c) 2002-2017 Lattice Semiconductor Corporation,  All rights reserved.


Loading design for application Bitgen from file platform1_platform1.ncd.
Design name: platform1_top
NCD version: 3.3
Vendor:      LATTICE
Device:      LCMXO3LF-9400C
Package:     CABGA484
Performance: 6
Loading device for application Bitgen from file 'xo3c9400.nph' in environment: C:/lscc/diamond/3.10_x64/ispfpga.
Package Status:                     Final          Version 1.6.
Performance Hardware Data Status:   Final          Version 37.4.

Running DRC.
DRC detected 0 errors and 0 warnings.
Reading Preference File from platform1_platform1.prf.

Preference Summary:
+---------------------------------+---------------------------------+
|  Preference                     |  Current Setting                |
+---------------------------------+---------------------------------+
|                         RamCfg  |                        Reset**  |
+---------------------------------+---------------------------------+
|                     MCCLK_FREQ  |                         2.08**  |
+---------------------------------+---------------------------------+
|                  CONFIG_SECURE  |                          OFF**  |
+---------------------------------+---------------------------------+
|                          INBUF  |                           ON**  |
+---------------------------------+---------------------------------+
|                      JTAG_PORT  |                       ENABLE**  |
+---------------------------------+---------------------------------+
|                       SDM_PORT  |                      DISABLE**  |
+---------------------------------+---------------------------------+
|                 SLAVE_SPI_PORT  |                      DISABLE**  |
+---------------------------------+---------------------------------+
|                MASTER_SPI_PORT  |                      DISABLE**  |
+---------------------------------+---------------------------------+
|                       I2C_PORT  |                      DISABLE**  |
+---------------------------------+---------------------------------+
|        MUX_CONFIGURATION_PORTS  |                      DISABLE**  |
+---------------------------------+---------------------------------+
|                  CONFIGURATION  |                          CFG**  |
+---------------------------------+---------------------------------+
|                COMPRESS_CONFIG  |                           ON**  |
+---------------------------------+---------------------------------+
|                        MY_ASSP  |                          OFF**  |
+---------------------------------+---------------------------------+
|               ONE_TIME_PROGRAM  |                          OFF**  |
+---------------------------------+---------------------------------+
|                 ENABLE_TRANSFR  |                      DISABLE**  |
+---------------------------------+---------------------------------+
|                  SHAREDEBRINIT  |                      DISABLE**  |
+---------------------------------+---------------------------------+
|            BACKGROUND_RECONFIG  |                          OFF**  |
+---------------------------------+---------------------------------+
|                 DUALBOOTGOLDEN  |                     INTERNAL**  |
+---------------------------------+---------------------------------+
 *  Default setting.
 ** The specified setting matches the default setting.


Creating bit map...
 
Bitstream Status: Final           Version 1.94.
 
Saving bit stream in "platform1_platform1.jed".
 
===========
UFM Summary.
===========
UFM Size:        3582 Pages (128*3582 Bits).
UFM Utilization: General Purpose Flash Memory.
 
Available General Purpose Flash Memory: 3582 Pages (Page 0 to Page 3581).
Initialized UFM Pages:                     0 Page.
 
