C:\lscc\iCEcube2.2017.08\synpbase\bin64\c_hdl.exe  -osyn  C:\Users\Suhail\Downloads\UPDuino-LH154Q01-Display-master\UPDuino-LH154Q01-Display-master\FPGA\project\project_Implmnt\synwork\project_comp.srs  -top  upduino_top  -hdllog  C:\Users\Suhail\Downloads\UPDuino-LH154Q01-Display-master\UPDuino-LH154Q01-Display-master\FPGA\project\project_Implmnt\synlog\project_compiler.srr  -encrypt  -mp  4  -verification_mode 0  -verilog  -prodtype  synplify_pro  -primux -fixsmult -infer_seqShift -ice -sdff_counter -nram -divnmod -nostructver   -I C:\Users\Suhail\Downloads\UPDuino-LH154Q01-Display-master\UPDuino-LH154Q01-Display-master\FPGA\project\  -I C:\lscc\iCEcube2.2017.08\synpbase\lib   -v2001  -devicelib  C:\lscc\iCEcube2.2017.08\synpbase\lib\generic\sb_ice40.v  -encrypt  -pro  -dmgen  C:\Users\Suhail\Downloads\UPDuino-LH154Q01-Display-master\UPDuino-LH154Q01-Display-master\FPGA\project\project_Implmnt\dm  -ui -fid2 -ram -sharing on -ll 2000 -autosm  -lib work C:\Users\Suhail\Downloads\UPDuino-LH154Q01-Display-master\UPDuino-LH154Q01-Display-master\FPGA\source\upduino_top.v -lib work C:\Users\Suhail\Downloads\UPDuino-LH154Q01-Display-master\UPDuino-LH154Q01-Display-master\FPGA\source\GPU\cfg_ctrl.v -lib work C:\Users\Suhail\Downloads\UPDuino-LH154Q01-Display-master\UPDuino-LH154Q01-Display-master\FPGA\source\GPU\colorbar_gen.v -lib work C:\Users\Suhail\Downloads\UPDuino-LH154Q01-Display-master\UPDuino-LH154Q01-Display-master\FPGA\source\GPU\dpram.v -lib work C:\Users\Suhail\Downloads\UPDuino-LH154Q01-Display-master\UPDuino-LH154Q01-Display-master\FPGA\source\GPU\drawcircle.v -lib work C:\Users\Suhail\Downloads\UPDuino-LH154Q01-Display-master\UPDuino-LH154Q01-Display-master\FPGA\source\GPU\drawline.v -lib work C:\Users\Suhail\Downloads\UPDuino-LH154Q01-Display-master\UPDuino-LH154Q01-Display-master\FPGA\source\GPU\fillcircle.v -lib work C:\Users\Suhail\Downloads\UPDuino-LH154Q01-Display-master\UPDuino-LH154Q01-Display-master\FPGA\source\GPU\filltriangle.v -lib work C:\Users\Suhail\Downloads\UPDuino-LH154Q01-Display-master\UPDuino-LH154Q01-Display-master\FPGA\source\GPU\generic_fifo_lfsr.v -lib work C:\Users\Suhail\Downloads\UPDuino-LH154Q01-Display-master\UPDuino-LH154Q01-Display-master\FPGA\source\GPU\drawbitmap.v -lib work C:\Users\Suhail\Downloads\UPDuino-LH154Q01-Display-master\UPDuino-LH154Q01-Display-master\FPGA\source\GPU\ebr_bm_mem.v -lib work C:\Users\Suhail\Downloads\UPDuino-LH154Q01-Display-master\UPDuino-LH154Q01-Display-master\FPGA\source\GPU\drawfont.v -lib work C:\Users\Suhail\Downloads\UPDuino-LH154Q01-Display-master\UPDuino-LH154Q01-Display-master\FPGA\source\GPU\ebr_font_mem.v -lib work C:\Users\Suhail\Downloads\UPDuino-LH154Q01-Display-master\UPDuino-LH154Q01-Display-master\FPGA\source\MIPI\byte_packetizer.v -lib work C:\Users\Suhail\Downloads\UPDuino-LH154Q01-Display-master\UPDuino-LH154Q01-Display-master\FPGA\source\MIPI\compiler_directives.v -lib work C:\Users\Suhail\Downloads\UPDuino-LH154Q01-Display-master\UPDuino-LH154Q01-Display-master\FPGA\source\MIPI\dphy_tx_inst.v -lib work C:\Users\Suhail\Downloads\UPDuino-LH154Q01-Display-master\UPDuino-LH154Q01-Display-master\FPGA\source\MIPI\LP_HS_dly_ctrl.v -lib work C:\Users\Suhail\Downloads\UPDuino-LH154Q01-Display-master\UPDuino-LH154Q01-Display-master\FPGA\source\MIPI\packetheader.v -lib work C:\Users\Suhail\Downloads\UPDuino-LH154Q01-Display-master\UPDuino-LH154Q01-Display-master\FPGA\source\MIPI\parallel2byte_RGB888_lane1.v -lib work C:\Users\Suhail\Downloads\UPDuino-LH154Q01-Display-master\UPDuino-LH154Q01-Display-master\FPGA\source\MIPI\pmi_fifo_dc.v -lib work C:\Users\Suhail\Downloads\UPDuino-LH154Q01-Display-master\UPDuino-LH154Q01-Display-master\FPGA\source\MIPI\qspi.v -lib work C:\Users\Suhail\Downloads\UPDuino-LH154Q01-Display-master\UPDuino-LH154Q01-Display-master\FPGA\source\MIPI\top.v -lib work C:\Users\Suhail\Downloads\UPDuino-LH154Q01-Display-master\UPDuino-LH154Q01-Display-master\FPGA\source\UART\uart_ir_tx_ice.v -lib work C:\Users\Suhail\Downloads\UPDuino-LH154Q01-Display-master\UPDuino-LH154Q01-Display-master\FPGA\source\UART\uart_rx.v -lib work C:\Users\Suhail\Downloads\UPDuino-LH154Q01-Display-master\UPDuino-LH154Q01-Display-master\FPGA\source\UART\uart_rx_fsm.v -lib work C:\Users\Suhail\Downloads\UPDuino-LH154Q01-Display-master\UPDuino-LH154Q01-Display-master\FPGA\source\UART\uart_tx.v -lib work C:\Users\Suhail\Downloads\UPDuino-LH154Q01-Display-master\UPDuino-LH154Q01-Display-master\FPGA\source\UART\uart_tx_fsm.v 
rc:0 success:1 runtime:10
file:C:\Users\Suhail\Downloads\UPDuino-LH154Q01-Display-master\UPDuino-LH154Q01-Display-master\FPGA\project\project_Implmnt\synwork\project_comp.srs|io:o|time:1529264495|size:114698|exec:0
file:C:\Users\Suhail\Downloads\UPDuino-LH154Q01-Display-master\UPDuino-LH154Q01-Display-master\FPGA\project\project_Implmnt\synlog\project_compiler.srr|io:o|time:1529264495|size:109593|exec:0
file:C:\lscc\iCEcube2.2017.08\synpbase\lib\generic\sb_ice40.v|io:i|time:1528257873|size:224837|exec:0
file:C:\Users\Suhail\Downloads\UPDuino-LH154Q01-Display-master\UPDuino-LH154Q01-Display-master\FPGA\source\upduino_top.v|io:i|time:1528811957|size:7467|exec:0
file:C:\Users\Suhail\Downloads\UPDuino-LH154Q01-Display-master\UPDuino-LH154Q01-Display-master\FPGA\source\GPU\cfg_ctrl.v|io:i|time:1528811957|size:50429|exec:0
file:C:\Users\Suhail\Downloads\UPDuino-LH154Q01-Display-master\UPDuino-LH154Q01-Display-master\FPGA\source\GPU\colorbar_gen.v|io:i|time:1528811957|size:5763|exec:0
file:C:\Users\Suhail\Downloads\UPDuino-LH154Q01-Display-master\UPDuino-LH154Q01-Display-master\FPGA\source\GPU\dpram.v|io:i|time:1528811957|size:8028|exec:0
file:C:\Users\Suhail\Downloads\UPDuino-LH154Q01-Display-master\UPDuino-LH154Q01-Display-master\FPGA\source\GPU\drawcircle.v|io:i|time:1528811957|size:12001|exec:0
file:C:\Users\Suhail\Downloads\UPDuino-LH154Q01-Display-master\UPDuino-LH154Q01-Display-master\FPGA\source\GPU\drawline.v|io:i|time:1528811957|size:11771|exec:0
file:C:\Users\Suhail\Downloads\UPDuino-LH154Q01-Display-master\UPDuino-LH154Q01-Display-master\FPGA\source\GPU\fillcircle.v|io:i|time:1528811957|size:13190|exec:0
file:C:\Users\Suhail\Downloads\UPDuino-LH154Q01-Display-master\UPDuino-LH154Q01-Display-master\FPGA\source\GPU\filltriangle.v|io:i|time:1528811957|size:31352|exec:0
file:C:\Users\Suhail\Downloads\UPDuino-LH154Q01-Display-master\UPDuino-LH154Q01-Display-master\FPGA\source\GPU\generic_fifo_lfsr.v|io:i|time:1528811957|size:8209|exec:0
file:C:\Users\Suhail\Downloads\UPDuino-LH154Q01-Display-master\UPDuino-LH154Q01-Display-master\FPGA\source\GPU\drawbitmap.v|io:i|time:1528811957|size:8542|exec:0
file:C:\Users\Suhail\Downloads\UPDuino-LH154Q01-Display-master\UPDuino-LH154Q01-Display-master\FPGA\source\GPU\ebr_bm_mem.v|io:i|time:1528811957|size:37997|exec:0
file:C:\Users\Suhail\Downloads\UPDuino-LH154Q01-Display-master\UPDuino-LH154Q01-Display-master\FPGA\source\GPU\drawfont.v|io:i|time:1528811957|size:10768|exec:0
file:C:\Users\Suhail\Downloads\UPDuino-LH154Q01-Display-master\UPDuino-LH154Q01-Display-master\FPGA\source\GPU\ebr_font_mem.v|io:i|time:1528811957|size:7314|exec:0
file:C:\Users\Suhail\Downloads\UPDuino-LH154Q01-Display-master\UPDuino-LH154Q01-Display-master\FPGA\source\MIPI\byte_packetizer.v|io:i|time:1528811957|size:8351|exec:0
file:C:\Users\Suhail\Downloads\UPDuino-LH154Q01-Display-master\UPDuino-LH154Q01-Display-master\FPGA\source\MIPI\compiler_directives.v|io:i|time:1528811957|size:2375|exec:0
file:C:\Users\Suhail\Downloads\UPDuino-LH154Q01-Display-master\UPDuino-LH154Q01-Display-master\FPGA\source\MIPI\dphy_tx_inst.v|io:i|time:1528811957|size:14468|exec:0
file:C:\Users\Suhail\Downloads\UPDuino-LH154Q01-Display-master\UPDuino-LH154Q01-Display-master\FPGA\source\MIPI\LP_HS_dly_ctrl.v|io:i|time:1528811957|size:7209|exec:0
file:C:\Users\Suhail\Downloads\UPDuino-LH154Q01-Display-master\UPDuino-LH154Q01-Display-master\FPGA\source\MIPI\packetheader.v|io:i|time:1528811957|size:13088|exec:0
file:C:\Users\Suhail\Downloads\UPDuino-LH154Q01-Display-master\UPDuino-LH154Q01-Display-master\FPGA\source\MIPI\parallel2byte_RGB888_lane1.v|io:i|time:1528811957|size:5605|exec:0
file:C:\Users\Suhail\Downloads\UPDuino-LH154Q01-Display-master\UPDuino-LH154Q01-Display-master\FPGA\source\MIPI\pmi_fifo_dc.v|io:i|time:1528811957|size:20083|exec:0
file:C:\Users\Suhail\Downloads\UPDuino-LH154Q01-Display-master\UPDuino-LH154Q01-Display-master\FPGA\source\MIPI\qspi.v|io:i|time:1528811957|size:9605|exec:0
file:C:\Users\Suhail\Downloads\UPDuino-LH154Q01-Display-master\UPDuino-LH154Q01-Display-master\FPGA\source\MIPI\top.v|io:i|time:1528811957|size:13041|exec:0
file:C:\Users\Suhail\Downloads\UPDuino-LH154Q01-Display-master\UPDuino-LH154Q01-Display-master\FPGA\source\UART\uart_ir_tx_ice.v|io:i|time:1528811957|size:7297|exec:0
file:C:\Users\Suhail\Downloads\UPDuino-LH154Q01-Display-master\UPDuino-LH154Q01-Display-master\FPGA\source\UART\uart_rx.v|io:i|time:1528811957|size:3960|exec:0
file:C:\Users\Suhail\Downloads\UPDuino-LH154Q01-Display-master\UPDuino-LH154Q01-Display-master\FPGA\source\UART\uart_rx_fsm.v|io:i|time:1528811957|size:24644|exec:0
file:C:\Users\Suhail\Downloads\UPDuino-LH154Q01-Display-master\UPDuino-LH154Q01-Display-master\FPGA\source\UART\uart_tx.v|io:i|time:1528811957|size:4480|exec:0
file:C:\Users\Suhail\Downloads\UPDuino-LH154Q01-Display-master\UPDuino-LH154Q01-Display-master\FPGA\source\UART\uart_tx_fsm.v|io:i|time:1528811957|size:16515|exec:0
file:C:\lscc\iCEcube2.2017.08\synpbase\bin\c_hdl.exe|io:i|time:1528257869|size:1338368|exec:1
file:C:\lscc\iCEcube2.2017.08\synpbase\bin64\c_hdl.exe|io:i|time:1528257870|size:1754112|exec:1
